{"C:\\suli\\13A\\vizsga_projekt\\prj\\src\\backend\\check_all_delims.js": {"path":"C:\\suli\\13A\\vizsga_projekt\\prj\\src\\backend\\check_all_delims.js","statementMap":{"0":{"start":{"line":1,"column":11},"end":{"line":1,"column":24}},"1":{"start":{"line":2,"column":10},"end":{"line":2,"column":48}},"2":{"start":{"line":3,"column":14},"end":{"line":3,"column":30}},"3":{"start":{"line":4,"column":9},"end":{"line":4,"column":10}},"4":{"start":{"line":5,"column":7},"end":{"line":5,"column":8}},"5":{"start":{"line":6,"column":7},"end":{"line":6,"column":8}},"6":{"start":{"line":7,"column":7},"end":{"line":7,"column":8}},"7":{"start":{"line":8,"column":0},"end":{"line":29,"column":1}},"8":{"start":{"line":8,"column":13},"end":{"line":8,"column":14}},"9":{"start":{"line":9,"column":15},"end":{"line":9,"column":23}},"10":{"start":{"line":10,"column":15},"end":{"line":10,"column":17}},"11":{"start":{"line":11,"column":13},"end":{"line":11,"column":15}},"12":{"start":{"line":12,"column":13},"end":{"line":12,"column":15}},"13":{"start":{"line":13,"column":13},"end":{"line":13,"column":15}},"14":{"start":{"line":14,"column":2},"end":{"line":22,"column":3}},"15":{"start":{"line":15,"column":4},"end":{"line":15,"column":25}},"16":{"start":{"line":15,"column":20},"end":{"line":15,"column":25}},"17":{"start":{"line":16,"column":4},"end":{"line":16,"column":25}},"18":{"start":{"line":16,"column":20},"end":{"line":16,"column":25}},"19":{"start":{"line":17,"column":4},"end":{"line":17,"column":25}},"20":{"start":{"line":17,"column":20},"end":{"line":17,"column":25}},"21":{"start":{"line":18,"column":4},"end":{"line":18,"column":25}},"22":{"start":{"line":18,"column":20},"end":{"line":18,"column":25}},"23":{"start":{"line":19,"column":4},"end":{"line":19,"column":25}},"24":{"start":{"line":19,"column":20},"end":{"line":19,"column":25}},"25":{"start":{"line":20,"column":4},"end":{"line":20,"column":25}},"26":{"start":{"line":20,"column":20},"end":{"line":20,"column":25}},"27":{"start":{"line":21,"column":4},"end":{"line":21,"column":25}},"28":{"start":{"line":21,"column":20},"end":{"line":21,"column":25}},"29":{"start":{"line":23,"column":2},"end":{"line":28,"column":6}},"30":{"start":{"line":24,"column":4},"end":{"line":28,"column":6}},"31":{"start":{"line":30,"column":0},"end":{"line":30,"column":73}}},"fnMap":{},"branchMap":{"0":{"loc":{"start":{"line":15,"column":4},"end":{"line":15,"column":25}},"type":"if","locations":[{"start":{"line":15,"column":4},"end":{"line":15,"column":25}},{"start":{},"end":{}}],"line":15},"1":{"loc":{"start":{"line":16,"column":4},"end":{"line":16,"column":25}},"type":"if","locations":[{"start":{"line":16,"column":4},"end":{"line":16,"column":25}},{"start":{},"end":{}}],"line":16},"2":{"loc":{"start":{"line":17,"column":4},"end":{"line":17,"column":25}},"type":"if","locations":[{"start":{"line":17,"column":4},"end":{"line":17,"column":25}},{"start":{},"end":{}}],"line":17},"3":{"loc":{"start":{"line":18,"column":4},"end":{"line":18,"column":25}},"type":"if","locations":[{"start":{"line":18,"column":4},"end":{"line":18,"column":25}},{"start":{},"end":{}}],"line":18},"4":{"loc":{"start":{"line":19,"column":4},"end":{"line":19,"column":25}},"type":"if","locations":[{"start":{"line":19,"column":4},"end":{"line":19,"column":25}},{"start":{},"end":{}}],"line":19},"5":{"loc":{"start":{"line":20,"column":4},"end":{"line":20,"column":25}},"type":"if","locations":[{"start":{"line":20,"column":4},"end":{"line":20,"column":25}},{"start":{},"end":{}}],"line":20},"6":{"loc":{"start":{"line":21,"column":4},"end":{"line":21,"column":25}},"type":"if","locations":[{"start":{"line":21,"column":4},"end":{"line":21,"column":25}},{"start":{},"end":{}}],"line":21},"7":{"loc":{"start":{"line":23,"column":2},"end":{"line":28,"column":6}},"type":"if","locations":[{"start":{"line":23,"column":2},"end":{"line":28,"column":6}},{"start":{},"end":{}}],"line":23},"8":{"loc":{"start":{"line":23,"column":6},"end":{"line":23,"column":70}},"type":"binary-expr","locations":[{"start":{"line":23,"column":6},"end":{"line":23,"column":19}},{"start":{"line":23,"column":23},"end":{"line":23,"column":36}},{"start":{"line":23,"column":40},"end":{"line":23,"column":53}},{"start":{"line":23,"column":57},"end":{"line":23,"column":70}}],"line":23}},"s":{"0":0,"1":0,"2":0,"3":0,"4":0,"5":0,"6":0,"7":0,"8":0,"9":0,"10":0,"11":0,"12":0,"13":0,"14":0,"15":0,"16":0,"17":0,"18":0,"19":0,"20":0,"21":0,"22":0,"23":0,"24":0,"25":0,"26":0,"27":0,"28":0,"29":0,"30":0,"31":0},"f":{},"b":{"0":[0,0],"1":[0,0],"2":[0,0],"3":[0,0],"4":[0,0],"5":[0,0],"6":[0,0],"7":[0,0],"8":[0,0,0,0]}}
,"C:\\suli\\13A\\vizsga_projekt\\prj\\src\\backend\\check_delims.js": {"path":"C:\\suli\\13A\\vizsga_projekt\\prj\\src\\backend\\check_delims.js","statementMap":{"0":{"start":{"line":1,"column":11},"end":{"line":1,"column":24}},"1":{"start":{"line":2,"column":10},"end":{"line":2,"column":48}},"2":{"start":{"line":3,"column":14},"end":{"line":3,"column":30}},"3":{"start":{"line":4,"column":9},"end":{"line":4,"column":10}},"4":{"start":{"line":5,"column":7},"end":{"line":5,"column":8}},"5":{"start":{"line":6,"column":7},"end":{"line":6,"column":8}},"6":{"start":{"line":7,"column":7},"end":{"line":7,"column":8}},"7":{"start":{"line":8,"column":0},"end":{"line":25,"column":1}},"8":{"start":{"line":8,"column":13},"end":{"line":8,"column":14}},"9":{"start":{"line":9,"column":15},"end":{"line":9,"column":23}},"10":{"start":{"line":10,"column":2},"end":{"line":18,"column":3}},"11":{"start":{"line":11,"column":4},"end":{"line":11,"column":25}},"12":{"start":{"line":11,"column":20},"end":{"line":11,"column":25}},"13":{"start":{"line":12,"column":4},"end":{"line":12,"column":25}},"14":{"start":{"line":12,"column":20},"end":{"line":12,"column":25}},"15":{"start":{"line":13,"column":4},"end":{"line":13,"column":25}},"16":{"start":{"line":13,"column":20},"end":{"line":13,"column":25}},"17":{"start":{"line":14,"column":4},"end":{"line":14,"column":25}},"18":{"start":{"line":14,"column":20},"end":{"line":14,"column":25}},"19":{"start":{"line":15,"column":4},"end":{"line":15,"column":25}},"20":{"start":{"line":15,"column":20},"end":{"line":15,"column":25}},"21":{"start":{"line":16,"column":4},"end":{"line":16,"column":25}},"22":{"start":{"line":16,"column":20},"end":{"line":16,"column":25}},"23":{"start":{"line":17,"column":4},"end":{"line":17,"column":25}},"24":{"start":{"line":17,"column":20},"end":{"line":17,"column":25}},"25":{"start":{"line":19,"column":2},"end":{"line":24,"column":6}},"26":{"start":{"line":20,"column":4},"end":{"line":24,"column":6}},"27":{"start":{"line":26,"column":0},"end":{"line":26,"column":73}}},"fnMap":{},"branchMap":{"0":{"loc":{"start":{"line":11,"column":4},"end":{"line":11,"column":25}},"type":"if","locations":[{"start":{"line":11,"column":4},"end":{"line":11,"column":25}},{"start":{},"end":{}}],"line":11},"1":{"loc":{"start":{"line":12,"column":4},"end":{"line":12,"column":25}},"type":"if","locations":[{"start":{"line":12,"column":4},"end":{"line":12,"column":25}},{"start":{},"end":{}}],"line":12},"2":{"loc":{"start":{"line":13,"column":4},"end":{"line":13,"column":25}},"type":"if","locations":[{"start":{"line":13,"column":4},"end":{"line":13,"column":25}},{"start":{},"end":{}}],"line":13},"3":{"loc":{"start":{"line":14,"column":4},"end":{"line":14,"column":25}},"type":"if","locations":[{"start":{"line":14,"column":4},"end":{"line":14,"column":25}},{"start":{},"end":{}}],"line":14},"4":{"loc":{"start":{"line":15,"column":4},"end":{"line":15,"column":25}},"type":"if","locations":[{"start":{"line":15,"column":4},"end":{"line":15,"column":25}},{"start":{},"end":{}}],"line":15},"5":{"loc":{"start":{"line":16,"column":4},"end":{"line":16,"column":25}},"type":"if","locations":[{"start":{"line":16,"column":4},"end":{"line":16,"column":25}},{"start":{},"end":{}}],"line":16},"6":{"loc":{"start":{"line":17,"column":4},"end":{"line":17,"column":25}},"type":"if","locations":[{"start":{"line":17,"column":4},"end":{"line":17,"column":25}},{"start":{},"end":{}}],"line":17},"7":{"loc":{"start":{"line":19,"column":2},"end":{"line":24,"column":6}},"type":"if","locations":[{"start":{"line":19,"column":2},"end":{"line":24,"column":6}},{"start":{},"end":{}}],"line":19},"8":{"loc":{"start":{"line":19,"column":6},"end":{"line":19,"column":25}},"type":"binary-expr","locations":[{"start":{"line":19,"column":6},"end":{"line":19,"column":13}},{"start":{"line":19,"column":17},"end":{"line":19,"column":25}}],"line":19}},"s":{"0":0,"1":0,"2":0,"3":0,"4":0,"5":0,"6":0,"7":0,"8":0,"9":0,"10":0,"11":0,"12":0,"13":0,"14":0,"15":0,"16":0,"17":0,"18":0,"19":0,"20":0,"21":0,"22":0,"23":0,"24":0,"25":0,"26":0,"27":0},"f":{},"b":{"0":[0,0],"1":[0,0],"2":[0,0],"3":[0,0],"4":[0,0],"5":[0,0],"6":[0,0],"7":[0,0],"8":[0,0]}}
,"C:\\suli\\13A\\vizsga_projekt\\prj\\src\\backend\\check_queries.js": {"path":"C:\\suli\\13A\\vizsga_projekt\\prj\\src\\backend\\check_queries.js","statementMap":{"0":{"start":{"line":1,"column":11},"end":{"line":1,"column":24}},"1":{"start":{"line":2,"column":10},"end":{"line":2,"column":48}},"2":{"start":{"line":3,"column":14},"end":{"line":3,"column":30}},"3":{"start":{"line":4,"column":0},"end":{"line":21,"column":1}},"4":{"start":{"line":4,"column":13},"end":{"line":4,"column":14}},"5":{"start":{"line":5,"column":2},"end":{"line":20,"column":3}},"6":{"start":{"line":6,"column":16},"end":{"line":6,"column":21}},"7":{"start":{"line":7,"column":4},"end":{"line":12,"column":5}},"8":{"start":{"line":7,"column":17},"end":{"line":7,"column":18}},"9":{"start":{"line":8,"column":6},"end":{"line":11,"column":7}},"10":{"start":{"line":9,"column":8},"end":{"line":9,"column":21}},"11":{"start":{"line":10,"column":8},"end":{"line":10,"column":14}},"12":{"start":{"line":13,"column":4},"end":{"line":19,"column":8}},"13":{"start":{"line":14,"column":6},"end":{"line":19,"column":8}}},"fnMap":{},"branchMap":{"0":{"loc":{"start":{"line":5,"column":2},"end":{"line":20,"column":3}},"type":"if","locations":[{"start":{"line":5,"column":2},"end":{"line":20,"column":3}},{"start":{},"end":{}}],"line":5},"1":{"loc":{"start":{"line":8,"column":6},"end":{"line":11,"column":7}},"type":"if","locations":[{"start":{"line":8,"column":6},"end":{"line":11,"column":7}},{"start":{},"end":{}}],"line":8},"2":{"loc":{"start":{"line":13,"column":4},"end":{"line":19,"column":8}},"type":"if","locations":[{"start":{"line":13,"column":4},"end":{"line":19,"column":8}},{"start":{},"end":{}}],"line":13}},"s":{"0":0,"1":0,"2":0,"3":0,"4":0,"5":0,"6":0,"7":0,"8":0,"9":0,"10":0,"11":0,"12":0,"13":0},"f":{},"b":{"0":[0,0],"1":[0,0],"2":[0,0]}}
,"C:\\suli\\13A\\vizsga_projekt\\prj\\src\\backend\\express.cjs": {"path":"C:\\suli\\13A\\vizsga_projekt\\prj\\src\\backend\\express.cjs","statementMap":{"0":{"start":{"line":1,"column":16},"end":{"line":1,"column":34}},"1":{"start":{"line":2,"column":13},"end":{"line":2,"column":28}},"2":{"start":{"line":3,"column":11},"end":{"line":3,"column":24}},"3":{"start":{"line":4,"column":15},"end":{"line":4,"column":32}},"4":{"start":{"line":5,"column":0},"end":{"line":5,"column":27}},"5":{"start":{"line":6,"column":13},"end":{"line":8,"column":2}},"6":{"start":{"line":10,"column":12},"end":{"line":10,"column":21}},"7":{"start":{"line":11,"column":13},"end":{"line":11,"column":17}},"8":{"start":{"line":13,"column":24},"end":{"line":13,"column":39}},"9":{"start":{"line":14,"column":35},"end":{"line":18,"column":2}},"10":{"start":{"line":20,"column":26},"end":{"line":20,"column":30}},"11":{"start":{"line":21,"column":28},"end":{"line":21,"column":32}},"12":{"start":{"line":22,"column":26},"end":{"line":22,"column":30}},"13":{"start":{"line":25,"column":2},"end":{"line":25,"column":55}},"14":{"start":{"line":29,"column":2},"end":{"line":36,"column":5}},"15":{"start":{"line":40,"column":2},"end":{"line":87,"column":3}},"16":{"start":{"line":41,"column":4},"end":{"line":86,"column":9}},"17":{"start":{"line":42,"column":6},"end":{"line":59,"column":9}},"18":{"start":{"line":61,"column":6},"end":{"line":64,"column":9}},"19":{"start":{"line":66,"column":6},"end":{"line":69,"column":9}},"20":{"start":{"line":71,"column":6},"end":{"line":73,"column":8}},"21":{"start":{"line":74,"column":6},"end":{"line":76,"column":8}},"22":{"start":{"line":77,"column":6},"end":{"line":79,"column":8}},"23":{"start":{"line":80,"column":6},"end":{"line":82,"column":8}},"24":{"start":{"line":83,"column":6},"end":{"line":85,"column":8}},"25":{"start":{"line":89,"column":2},"end":{"line":89,"column":29}},"26":{"start":{"line":93,"column":2},"end":{"line":118,"column":3}},"27":{"start":{"line":94,"column":4},"end":{"line":117,"column":9}},"28":{"start":{"line":95,"column":6},"end":{"line":103,"column":9}},"29":{"start":{"line":105,"column":6},"end":{"line":107,"column":8}},"30":{"start":{"line":108,"column":6},"end":{"line":110,"column":8}},"31":{"start":{"line":111,"column":6},"end":{"line":113,"column":8}},"32":{"start":{"line":114,"column":6},"end":{"line":116,"column":8}},"33":{"start":{"line":120,"column":2},"end":{"line":120,"column":31}},"34":{"start":{"line":124,"column":2},"end":{"line":145,"column":3}},"35":{"start":{"line":125,"column":4},"end":{"line":144,"column":9}},"36":{"start":{"line":126,"column":6},"end":{"line":138,"column":9}},"37":{"start":{"line":140,"column":6},"end":{"line":143,"column":9}},"38":{"start":{"line":147,"column":2},"end":{"line":147,"column":29}},"39":{"start":{"line":151,"column":2},"end":{"line":153,"column":3}},"40":{"start":{"line":152,"column":4},"end":{"line":152,"column":14}},"41":{"start":{"line":155,"column":2},"end":{"line":177,"column":54}},"42":{"start":{"line":157,"column":23},"end":{"line":157,"column":50}},"43":{"start":{"line":158,"column":23},"end":{"line":158,"column":51}},"44":{"start":{"line":160,"column":6},"end":{"line":175,"column":8}},"45":{"start":{"line":177,"column":22},"end":{"line":177,"column":52}},"46":{"start":{"line":180,"column":0},"end":{"line":180,"column":16}},"47":{"start":{"line":181,"column":0},"end":{"line":181,"column":41}},"48":{"start":{"line":183,"column":0},"end":{"line":222,"column":3}},"49":{"start":{"line":184,"column":40},"end":{"line":184,"column":48}},"50":{"start":{"line":186,"column":2},"end":{"line":221,"column":3}},"51":{"start":{"line":187,"column":28},"end":{"line":187,"column":62}},"52":{"start":{"line":189,"column":4},"end":{"line":193,"column":5}},"53":{"start":{"line":190,"column":6},"end":{"line":192,"column":61}},"54":{"start":{"line":195,"column":25},"end":{"line":198,"column":5}},"55":{"start":{"line":200,"column":4},"end":{"line":204,"column":5}},"56":{"start":{"line":201,"column":6},"end":{"line":203,"column":66}},"57":{"start":{"line":206,"column":27},"end":{"line":206,"column":58}},"58":{"start":{"line":207,"column":4},"end":{"line":210,"column":6}},"59":{"start":{"line":211,"column":4},"end":{"line":211,"column":74}},"60":{"start":{"line":213,"column":4},"end":{"line":217,"column":5}},"61":{"start":{"line":214,"column":6},"end":{"line":216,"column":66}},"62":{"start":{"line":219,"column":4},"end":{"line":219,"column":49}},"63":{"start":{"line":220,"column":4},"end":{"line":220,"column":75}},"64":{"start":{"line":224,"column":0},"end":{"line":272,"column":3}},"65":{"start":{"line":225,"column":35},"end":{"line":225,"column":43}},"66":{"start":{"line":227,"column":2},"end":{"line":271,"column":3}},"67":{"start":{"line":228,"column":33},"end":{"line":228,"column":72}},"68":{"start":{"line":230,"column":4},"end":{"line":234,"column":5}},"69":{"start":{"line":231,"column":6},"end":{"line":233,"column":61}},"70":{"start":{"line":236,"column":19},"end":{"line":239,"column":5}},"71":{"start":{"line":241,"column":4},"end":{"line":245,"column":5}},"72":{"start":{"line":242,"column":6},"end":{"line":244,"column":76}},"73":{"start":{"line":247,"column":17},"end":{"line":247,"column":31}},"74":{"start":{"line":248,"column":18},"end":{"line":248,"column":57}},"75":{"start":{"line":250,"column":4},"end":{"line":254,"column":5}},"76":{"start":{"line":251,"column":6},"end":{"line":253,"column":76}},"77":{"start":{"line":256,"column":4},"end":{"line":267,"column":7}},"78":{"start":{"line":269,"column":4},"end":{"line":269,"column":48}},"79":{"start":{"line":270,"column":4},"end":{"line":270,"column":68}},"80":{"start":{"line":274,"column":0},"end":{"line":284,"column":3}},"81":{"start":{"line":275,"column":2},"end":{"line":283,"column":3}},"82":{"start":{"line":276,"column":19},"end":{"line":278,"column":5}},"83":{"start":{"line":279,"column":4},"end":{"line":279,"column":49}},"84":{"start":{"line":281,"column":4},"end":{"line":281,"column":50}},"85":{"start":{"line":282,"column":4},"end":{"line":282,"column":73}},"86":{"start":{"line":286,"column":0},"end":{"line":336,"column":3}},"87":{"start":{"line":287,"column":61},"end":{"line":287,"column":69}},"88":{"start":{"line":289,"column":2},"end":{"line":335,"column":3}},"89":{"start":{"line":290,"column":31},"end":{"line":290,"column":54}},"90":{"start":{"line":291,"column":28},"end":{"line":291,"column":62}},"91":{"start":{"line":293,"column":4},"end":{"line":297,"column":5}},"92":{"start":{"line":294,"column":6},"end":{"line":296,"column":9}},"93":{"start":{"line":299,"column":25},"end":{"line":302,"column":5}},"94":{"start":{"line":304,"column":4},"end":{"line":308,"column":5}},"95":{"start":{"line":305,"column":6},"end":{"line":307,"column":66}},"96":{"start":{"line":310,"column":27},"end":{"line":310,"column":58}},"97":{"start":{"line":311,"column":24},"end":{"line":320,"column":5}},"98":{"start":{"line":322,"column":4},"end":{"line":325,"column":7}},"99":{"start":{"line":327,"column":4},"end":{"line":331,"column":5}},"100":{"start":{"line":328,"column":6},"end":{"line":330,"column":66}},"101":{"start":{"line":333,"column":4},"end":{"line":333,"column":49}},"102":{"start":{"line":334,"column":4},"end":{"line":334,"column":75}},"103":{"start":{"line":338,"column":0},"end":{"line":371,"column":3}},"104":{"start":{"line":339,"column":71},"end":{"line":339,"column":79}},"105":{"start":{"line":341,"column":2},"end":{"line":370,"column":3}},"106":{"start":{"line":343,"column":4},"end":{"line":343,"column":30}},"107":{"start":{"line":345,"column":27},"end":{"line":345,"column":60}},"108":{"start":{"line":347,"column":6},"end":{"line":347,"column":68}},"109":{"start":{"line":349,"column":6},"end":{"line":349,"column":62}},"110":{"start":{"line":351,"column":6},"end":{"line":351,"column":62}},"111":{"start":{"line":352,"column":18},"end":{"line":352,"column":40}},"112":{"start":{"line":354,"column":19},"end":{"line":364,"column":5}},"113":{"start":{"line":366,"column":4},"end":{"line":366,"column":79}},"114":{"start":{"line":368,"column":4},"end":{"line":368,"column":48}},"115":{"start":{"line":369,"column":4},"end":{"line":369,"column":65}},"116":{"start":{"line":373,"column":0},"end":{"line":396,"column":3}},"117":{"start":{"line":374,"column":17},"end":{"line":374,"column":69}},"118":{"start":{"line":376,"column":2},"end":{"line":395,"column":3}},"119":{"start":{"line":377,"column":4},"end":{"line":377,"column":30}},"120":{"start":{"line":380,"column":4},"end":{"line":389,"column":5}},"121":{"start":{"line":381,"column":6},"end":{"line":384,"column":8}},"122":{"start":{"line":386,"column":6},"end":{"line":388,"column":8}},"123":{"start":{"line":391,"column":4},"end":{"line":391,"column":50}},"124":{"start":{"line":393,"column":4},"end":{"line":393,"column":51}},"125":{"start":{"line":394,"column":4},"end":{"line":394,"column":68}},"126":{"start":{"line":398,"column":0},"end":{"line":422,"column":3}},"127":{"start":{"line":399,"column":18},"end":{"line":399,"column":39}},"128":{"start":{"line":401,"column":2},"end":{"line":403,"column":3}},"129":{"start":{"line":402,"column":4},"end":{"line":402,"column":76}},"130":{"start":{"line":405,"column":2},"end":{"line":421,"column":3}},"131":{"start":{"line":406,"column":4},"end":{"line":406,"column":30}},"132":{"start":{"line":408,"column":25},"end":{"line":411,"column":5}},"133":{"start":{"line":413,"column":4},"end":{"line":415,"column":5}},"134":{"start":{"line":414,"column":6},"end":{"line":414,"column":70}},"135":{"start":{"line":417,"column":4},"end":{"line":417,"column":65}},"136":{"start":{"line":419,"column":4},"end":{"line":419,"column":50}},"137":{"start":{"line":420,"column":4},"end":{"line":420,"column":68}},"138":{"start":{"line":424,"column":0},"end":{"line":448,"column":3}},"139":{"start":{"line":425,"column":17},"end":{"line":425,"column":38}},"140":{"start":{"line":427,"column":2},"end":{"line":431,"column":3}},"141":{"start":{"line":428,"column":4},"end":{"line":430,"column":61}},"142":{"start":{"line":433,"column":2},"end":{"line":447,"column":3}},"143":{"start":{"line":434,"column":24},"end":{"line":437,"column":5}},"144":{"start":{"line":439,"column":4},"end":{"line":441,"column":5}},"145":{"start":{"line":440,"column":6},"end":{"line":440,"column":76}},"146":{"start":{"line":443,"column":4},"end":{"line":443,"column":71}},"147":{"start":{"line":445,"column":4},"end":{"line":445,"column":49}},"148":{"start":{"line":446,"column":4},"end":{"line":446,"column":71}},"149":{"start":{"line":450,"column":0},"end":{"line":476,"column":3}},"150":{"start":{"line":451,"column":17},"end":{"line":451,"column":38}},"151":{"start":{"line":453,"column":2},"end":{"line":457,"column":3}},"152":{"start":{"line":454,"column":4},"end":{"line":456,"column":61}},"153":{"start":{"line":459,"column":2},"end":{"line":475,"column":3}},"154":{"start":{"line":460,"column":4},"end":{"line":460,"column":37}},"155":{"start":{"line":462,"column":19},"end":{"line":465,"column":5}},"156":{"start":{"line":467,"column":4},"end":{"line":469,"column":5}},"157":{"start":{"line":468,"column":6},"end":{"line":468,"column":76}},"158":{"start":{"line":471,"column":4},"end":{"line":471,"column":51}},"159":{"start":{"line":473,"column":4},"end":{"line":473,"column":57}},"160":{"start":{"line":474,"column":4},"end":{"line":474,"column":69}},"161":{"start":{"line":478,"column":0},"end":{"line":537,"column":3}},"162":{"start":{"line":479,"column":17},"end":{"line":479,"column":38}},"163":{"start":{"line":481,"column":4},"end":{"line":481,"column":12}},"164":{"start":{"line":483,"column":2},"end":{"line":487,"column":3}},"165":{"start":{"line":484,"column":4},"end":{"line":486,"column":61}},"166":{"start":{"line":489,"column":26},"end":{"line":491,"column":18}},"167":{"start":{"line":493,"column":2},"end":{"line":495,"column":3}},"168":{"start":{"line":494,"column":4},"end":{"line":494,"column":66}},"169":{"start":{"line":497,"column":2},"end":{"line":536,"column":3}},"170":{"start":{"line":498,"column":4},"end":{"line":498,"column":37}},"171":{"start":{"line":500,"column":24},"end":{"line":523,"column":5}},"172":{"start":{"line":525,"column":4},"end":{"line":527,"column":5}},"173":{"start":{"line":526,"column":6},"end":{"line":526,"column":76}},"174":{"start":{"line":529,"column":4},"end":{"line":532,"column":7}},"175":{"start":{"line":534,"column":4},"end":{"line":534,"column":57}},"176":{"start":{"line":535,"column":4},"end":{"line":535,"column":69}},"177":{"start":{"line":539,"column":0},"end":{"line":568,"column":3}},"178":{"start":{"line":540,"column":17},"end":{"line":540,"column":38}},"179":{"start":{"line":542,"column":2},"end":{"line":546,"column":3}},"180":{"start":{"line":543,"column":4},"end":{"line":545,"column":61}},"181":{"start":{"line":548,"column":2},"end":{"line":567,"column":3}},"182":{"start":{"line":549,"column":4},"end":{"line":549,"column":30}},"183":{"start":{"line":551,"column":19},"end":{"line":559,"column":5}},"184":{"start":{"line":561,"column":4},"end":{"line":561,"column":50}},"185":{"start":{"line":563,"column":4},"end":{"line":563,"column":56}},"186":{"start":{"line":564,"column":4},"end":{"line":566,"column":73}},"187":{"start":{"line":570,"column":0},"end":{"line":703,"column":3}},"188":{"start":{"line":582,"column":6},"end":{"line":582,"column":14}},"189":{"start":{"line":584,"column":4},"end":{"line":586,"column":23}},"190":{"start":{"line":588,"column":4},"end":{"line":592,"column":18}},"191":{"start":{"line":593,"column":33},"end":{"line":593,"column":67}},"192":{"start":{"line":594,"column":34},"end":{"line":596,"column":18}},"193":{"start":{"line":597,"column":36},"end":{"line":597,"column":73}},"194":{"start":{"line":598,"column":32},"end":{"line":598,"column":65}},"195":{"start":{"line":599,"column":33},"end":{"line":599,"column":67}},"196":{"start":{"line":600,"column":32},"end":{"line":600,"column":65}},"197":{"start":{"line":601,"column":27},"end":{"line":608,"column":18}},"198":{"start":{"line":609,"column":26},"end":{"line":609,"column":52}},"199":{"start":{"line":611,"column":2},"end":{"line":618,"column":3}},"200":{"start":{"line":615,"column":4},"end":{"line":617,"column":61}},"201":{"start":{"line":620,"column":2},"end":{"line":624,"column":3}},"202":{"start":{"line":621,"column":4},"end":{"line":623,"column":7}},"203":{"start":{"line":626,"column":2},"end":{"line":634,"column":3}},"204":{"start":{"line":627,"column":4},"end":{"line":631,"column":5}},"205":{"start":{"line":628,"column":6},"end":{"line":630,"column":74}},"206":{"start":{"line":632,"column":9},"end":{"line":634,"column":3}},"207":{"start":{"line":633,"column":4},"end":{"line":633,"column":77}},"208":{"start":{"line":636,"column":2},"end":{"line":638,"column":3}},"209":{"start":{"line":637,"column":4},"end":{"line":637,"column":73}},"210":{"start":{"line":641,"column":4},"end":{"line":647,"column":9}},"211":{"start":{"line":644,"column":12},"end":{"line":644,"column":74}},"212":{"start":{"line":650,"column":4},"end":{"line":653,"column":24}},"213":{"start":{"line":655,"column":2},"end":{"line":702,"column":3}},"214":{"start":{"line":656,"column":4},"end":{"line":656,"column":30}},"215":{"start":{"line":658,"column":25},"end":{"line":693,"column":5}},"216":{"start":{"line":695,"column":4},"end":{"line":698,"column":7}},"217":{"start":{"line":700,"column":4},"end":{"line":700,"column":50}},"218":{"start":{"line":701,"column":4},"end":{"line":701,"column":72}},"219":{"start":{"line":705,"column":0},"end":{"line":723,"column":3}},"220":{"start":{"line":706,"column":2},"end":{"line":722,"column":3}},"221":{"start":{"line":707,"column":4},"end":{"line":707,"column":32}},"222":{"start":{"line":709,"column":19},"end":{"line":716,"column":5}},"223":{"start":{"line":718,"column":4},"end":{"line":718,"column":52}},"224":{"start":{"line":720,"column":4},"end":{"line":720,"column":53}},"225":{"start":{"line":721,"column":4},"end":{"line":721,"column":74}},"226":{"start":{"line":725,"column":0},"end":{"line":773,"column":3}},"227":{"start":{"line":726,"column":42},"end":{"line":726,"column":50}},"228":{"start":{"line":728,"column":4},"end":{"line":730,"column":23}},"229":{"start":{"line":731,"column":24},"end":{"line":731,"column":48}},"230":{"start":{"line":732,"column":28},"end":{"line":732,"column":56}},"231":{"start":{"line":733,"column":25},"end":{"line":733,"column":50}},"232":{"start":{"line":735,"column":2},"end":{"line":742,"column":3}},"233":{"start":{"line":739,"column":4},"end":{"line":741,"column":61}},"234":{"start":{"line":744,"column":2},"end":{"line":746,"column":3}},"235":{"start":{"line":745,"column":4},"end":{"line":745,"column":78}},"236":{"start":{"line":748,"column":2},"end":{"line":772,"column":3}},"237":{"start":{"line":749,"column":4},"end":{"line":749,"column":32}},"238":{"start":{"line":751,"column":27},"end":{"line":763,"column":5}},"239":{"start":{"line":765,"column":4},"end":{"line":768,"column":7}},"240":{"start":{"line":770,"column":4},"end":{"line":770,"column":52}},"241":{"start":{"line":771,"column":4},"end":{"line":771,"column":64}},"242":{"start":{"line":775,"column":0},"end":{"line":815,"column":3}},"243":{"start":{"line":776,"column":20},"end":{"line":776,"column":41}},"244":{"start":{"line":777,"column":17},"end":{"line":777,"column":68}},"245":{"start":{"line":778,"column":18},"end":{"line":778,"column":44}},"246":{"start":{"line":780,"column":2},"end":{"line":782,"column":3}},"247":{"start":{"line":781,"column":4},"end":{"line":781,"column":67}},"248":{"start":{"line":784,"column":2},"end":{"line":814,"column":3}},"249":{"start":{"line":785,"column":4},"end":{"line":785,"column":32}},"250":{"start":{"line":787,"column":20},"end":{"line":790,"column":5}},"251":{"start":{"line":792,"column":4},"end":{"line":794,"column":5}},"252":{"start":{"line":793,"column":6},"end":{"line":793,"column":76}},"253":{"start":{"line":796,"column":26},"end":{"line":796,"column":50}},"254":{"start":{"line":797,"column":20},"end":{"line":797,"column":54}},"255":{"start":{"line":799,"column":4},"end":{"line":803,"column":5}},"256":{"start":{"line":800,"column":6},"end":{"line":802,"column":68}},"257":{"start":{"line":805,"column":27},"end":{"line":808,"column":5}},"258":{"start":{"line":810,"column":4},"end":{"line":810,"column":71}},"259":{"start":{"line":812,"column":4},"end":{"line":812,"column":52}},"260":{"start":{"line":813,"column":4},"end":{"line":813,"column":71}},"261":{"start":{"line":817,"column":0},"end":{"line":832,"column":3}},"262":{"start":{"line":818,"column":2},"end":{"line":831,"column":3}},"263":{"start":{"line":819,"column":19},"end":{"line":825,"column":5}},"264":{"start":{"line":827,"column":4},"end":{"line":827,"column":49}},"265":{"start":{"line":829,"column":4},"end":{"line":829,"column":54}},"266":{"start":{"line":830,"column":4},"end":{"line":830,"column":74}},"267":{"start":{"line":834,"column":0},"end":{"line":889,"column":3}},"268":{"start":{"line":835,"column":65},"end":{"line":835,"column":73}},"269":{"start":{"line":837,"column":2},"end":{"line":848,"column":3}},"270":{"start":{"line":845,"column":4},"end":{"line":847,"column":7}},"271":{"start":{"line":850,"column":2},"end":{"line":888,"column":3}},"272":{"start":{"line":851,"column":32},"end":{"line":853,"column":5}},"273":{"start":{"line":854,"column":26},"end":{"line":856,"column":5}},"274":{"start":{"line":858,"column":24},"end":{"line":879,"column":5}},"275":{"start":{"line":881,"column":4},"end":{"line":884,"column":7}},"276":{"start":{"line":886,"column":4},"end":{"line":886,"column":59}},"277":{"start":{"line":887,"column":4},"end":{"line":887,"column":71}},"278":{"start":{"line":891,"column":0},"end":{"line":913,"column":3}},"279":{"start":{"line":892,"column":17},"end":{"line":892,"column":38}},"280":{"start":{"line":894,"column":2},"end":{"line":896,"column":3}},"281":{"start":{"line":895,"column":4},"end":{"line":895,"column":74}},"282":{"start":{"line":898,"column":2},"end":{"line":912,"column":3}},"283":{"start":{"line":899,"column":24},"end":{"line":902,"column":5}},"284":{"start":{"line":904,"column":4},"end":{"line":906,"column":5}},"285":{"start":{"line":905,"column":6},"end":{"line":905,"column":75}},"286":{"start":{"line":908,"column":4},"end":{"line":908,"column":77}},"287":{"start":{"line":910,"column":4},"end":{"line":910,"column":59}},"288":{"start":{"line":911,"column":4},"end":{"line":911,"column":71}},"289":{"start":{"line":915,"column":0},"end":{"line":931,"column":3}},"290":{"start":{"line":916,"column":2},"end":{"line":930,"column":3}},"291":{"start":{"line":917,"column":19},"end":{"line":924,"column":5}},"292":{"start":{"line":926,"column":4},"end":{"line":926,"column":54}},"293":{"start":{"line":928,"column":4},"end":{"line":928,"column":64}},"294":{"start":{"line":929,"column":4},"end":{"line":929,"column":76}},"295":{"start":{"line":933,"column":0},"end":{"line":960,"column":3}},"296":{"start":{"line":934,"column":22},"end":{"line":934,"column":43}},"297":{"start":{"line":936,"column":2},"end":{"line":938,"column":3}},"298":{"start":{"line":937,"column":4},"end":{"line":937,"column":69}},"299":{"start":{"line":940,"column":2},"end":{"line":959,"column":3}},"300":{"start":{"line":941,"column":19},"end":{"line":949,"column":5}},"301":{"start":{"line":951,"column":4},"end":{"line":953,"column":5}},"302":{"start":{"line":952,"column":6},"end":{"line":952,"column":70}},"303":{"start":{"line":955,"column":4},"end":{"line":955,"column":56}},"304":{"start":{"line":957,"column":4},"end":{"line":957,"column":67}},"305":{"start":{"line":958,"column":4},"end":{"line":958,"column":79}},"306":{"start":{"line":962,"column":0},"end":{"line":992,"column":3}},"307":{"start":{"line":963,"column":19},"end":{"line":963,"column":58}},"308":{"start":{"line":965,"column":2},"end":{"line":991,"column":3}},"309":{"start":{"line":966,"column":19},"end":{"line":966,"column":21}},"310":{"start":{"line":967,"column":23},"end":{"line":967,"column":25}},"311":{"start":{"line":969,"column":4},"end":{"line":972,"column":5}},"312":{"start":{"line":970,"column":6},"end":{"line":970,"column":28}},"313":{"start":{"line":971,"column":6},"end":{"line":971,"column":54}},"314":{"start":{"line":974,"column":24},"end":{"line":976,"column":10}},"315":{"start":{"line":977,"column":19},"end":{"line":985,"column":5}},"316":{"start":{"line":987,"column":4},"end":{"line":987,"column":54}},"317":{"start":{"line":989,"column":4},"end":{"line":989,"column":60}},"318":{"start":{"line":990,"column":4},"end":{"line":990,"column":72}},"319":{"start":{"line":995,"column":0},"end":{"line":1010,"column":3}},"320":{"start":{"line":996,"column":2},"end":{"line":1009,"column":3}},"321":{"start":{"line":997,"column":19},"end":{"line":1003,"column":5}},"322":{"start":{"line":1005,"column":4},"end":{"line":1005,"column":53}},"323":{"start":{"line":1007,"column":4},"end":{"line":1007,"column":54}},"324":{"start":{"line":1008,"column":4},"end":{"line":1008,"column":66}},"325":{"start":{"line":1013,"column":0},"end":{"line":1040,"column":3}},"326":{"start":{"line":1014,"column":21},"end":{"line":1014,"column":42}},"327":{"start":{"line":1016,"column":2},"end":{"line":1018,"column":3}},"328":{"start":{"line":1017,"column":4},"end":{"line":1017,"column":68}},"329":{"start":{"line":1020,"column":2},"end":{"line":1039,"column":3}},"330":{"start":{"line":1021,"column":19},"end":{"line":1029,"column":5}},"331":{"start":{"line":1031,"column":4},"end":{"line":1033,"column":5}},"332":{"start":{"line":1032,"column":6},"end":{"line":1032,"column":69}},"333":{"start":{"line":1035,"column":4},"end":{"line":1035,"column":55}},"334":{"start":{"line":1037,"column":4},"end":{"line":1037,"column":61}},"335":{"start":{"line":1038,"column":4},"end":{"line":1038,"column":73}},"336":{"start":{"line":1042,"column":0},"end":{"line":1063,"column":3}},"337":{"start":{"line":1043,"column":19},"end":{"line":1043,"column":38}},"338":{"start":{"line":1044,"column":22},"end":{"line":1044,"column":44}},"339":{"start":{"line":1046,"column":2},"end":{"line":1062,"column":3}},"340":{"start":{"line":1047,"column":19},"end":{"line":1056,"column":5}},"341":{"start":{"line":1058,"column":4},"end":{"line":1058,"column":49}},"342":{"start":{"line":1060,"column":4},"end":{"line":1060,"column":50}},"343":{"start":{"line":1061,"column":4},"end":{"line":1061,"column":62}},"344":{"start":{"line":1065,"column":0},"end":{"line":1068,"column":3}},"345":{"start":{"line":1066,"column":2},"end":{"line":1066,"column":27}},"346":{"start":{"line":1067,"column":2},"end":{"line":1067,"column":62}},"347":{"start":{"line":1070,"column":0},"end":{"line":1076,"column":3}},"348":{"start":{"line":1071,"column":2},"end":{"line":1071,"column":79}},"349":{"start":{"line":1072,"column":2},"end":{"line":1072,"column":43}},"350":{"start":{"line":1073,"column":2},"end":{"line":1073,"column":47}},"351":{"start":{"line":1074,"column":2},"end":{"line":1074,"column":61}},"352":{"start":{"line":1075,"column":2},"end":{"line":1075,"column":79}},"353":{"start":{"line":1078,"column":0},"end":{"line":1078,"column":21}}},"fnMap":{"0":{"name":"quoteIdentifier","decl":{"start":{"line":24,"column":9},"end":{"line":24,"column":24}},"loc":{"start":{"line":24,"column":37},"end":{"line":26,"column":1}},"line":24},"1":{"name":"ensureUserProfileColumns","decl":{"start":{"line":28,"column":15},"end":{"line":28,"column":39}},"loc":{"start":{"line":28,"column":42},"end":{"line":37,"column":1}},"line":28},"2":{"name":"ensureOrdersTable","decl":{"start":{"line":39,"column":15},"end":{"line":39,"column":32}},"loc":{"start":{"line":39,"column":35},"end":{"line":90,"column":1}},"line":39},"3":{"name":"(anonymous_3)","decl":{"start":{"line":41,"column":27},"end":{"line":41,"column":28}},"loc":{"start":{"line":41,"column":39},"end":{"line":86,"column":5}},"line":41},"4":{"name":"ensureCommentsTable","decl":{"start":{"line":92,"column":15},"end":{"line":92,"column":34}},"loc":{"start":{"line":92,"column":37},"end":{"line":121,"column":1}},"line":92},"5":{"name":"(anonymous_5)","decl":{"start":{"line":94,"column":29},"end":{"line":94,"column":30}},"loc":{"start":{"line":94,"column":41},"end":{"line":117,"column":5}},"line":94},"6":{"name":"ensureBuildsTable","decl":{"start":{"line":123,"column":15},"end":{"line":123,"column":32}},"loc":{"start":{"line":123,"column":35},"end":{"line":148,"column":1}},"line":123},"7":{"name":"(anonymous_7)","decl":{"start":{"line":125,"column":27},"end":{"line":125,"column":28}},"loc":{"start":{"line":125,"column":39},"end":{"line":144,"column":5}},"line":125},"8":{"name":"normalizeOrderItems","decl":{"start":{"line":150,"column":9},"end":{"line":150,"column":28}},"loc":{"start":{"line":150,"column":36},"end":{"line":178,"column":1}},"line":150},"9":{"name":"(anonymous_9)","decl":{"start":{"line":156,"column":9},"end":{"line":156,"column":10}},"loc":{"start":{"line":156,"column":19},"end":{"line":176,"column":5}},"line":156},"10":{"name":"(anonymous_10)","decl":{"start":{"line":177,"column":12},"end":{"line":177,"column":13}},"loc":{"start":{"line":177,"column":22},"end":{"line":177,"column":52}},"line":177},"11":{"name":"(anonymous_11)","decl":{"start":{"line":183,"column":26},"end":{"line":183,"column":27}},"loc":{"start":{"line":183,"column":46},"end":{"line":222,"column":1}},"line":183},"12":{"name":"(anonymous_12)","decl":{"start":{"line":224,"column":23},"end":{"line":224,"column":24}},"loc":{"start":{"line":224,"column":43},"end":{"line":272,"column":1}},"line":224},"13":{"name":"(anonymous_13)","decl":{"start":{"line":274,"column":22},"end":{"line":274,"column":23}},"loc":{"start":{"line":274,"column":42},"end":{"line":284,"column":1}},"line":274},"14":{"name":"(anonymous_14)","decl":{"start":{"line":286,"column":23},"end":{"line":286,"column":24}},"loc":{"start":{"line":286,"column":43},"end":{"line":336,"column":1}},"line":286},"15":{"name":"(anonymous_15)","decl":{"start":{"line":338,"column":24},"end":{"line":338,"column":25}},"loc":{"start":{"line":338,"column":44},"end":{"line":371,"column":1}},"line":338},"16":{"name":"(anonymous_16)","decl":{"start":{"line":373,"column":23},"end":{"line":373,"column":24}},"loc":{"start":{"line":373,"column":43},"end":{"line":396,"column":1}},"line":373},"17":{"name":"(anonymous_17)","decl":{"start":{"line":398,"column":30},"end":{"line":398,"column":31}},"loc":{"start":{"line":398,"column":50},"end":{"line":422,"column":1}},"line":398},"18":{"name":"(anonymous_18)","decl":{"start":{"line":424,"column":29},"end":{"line":424,"column":30}},"loc":{"start":{"line":424,"column":49},"end":{"line":448,"column":1}},"line":424},"19":{"name":"(anonymous_19)","decl":{"start":{"line":450,"column":34},"end":{"line":450,"column":35}},"loc":{"start":{"line":450,"column":54},"end":{"line":476,"column":1}},"line":450},"20":{"name":"(anonymous_20)","decl":{"start":{"line":478,"column":34},"end":{"line":478,"column":35}},"loc":{"start":{"line":478,"column":54},"end":{"line":537,"column":1}},"line":478},"21":{"name":"(anonymous_21)","decl":{"start":{"line":539,"column":33},"end":{"line":539,"column":34}},"loc":{"start":{"line":539,"column":53},"end":{"line":568,"column":1}},"line":539},"22":{"name":"(anonymous_22)","decl":{"start":{"line":570,"column":24},"end":{"line":570,"column":25}},"loc":{"start":{"line":570,"column":44},"end":{"line":703,"column":1}},"line":570},"23":{"name":"(anonymous_23)","decl":{"start":{"line":643,"column":10},"end":{"line":643,"column":11}},"loc":{"start":{"line":644,"column":12},"end":{"line":644,"column":74}},"line":644},"24":{"name":"(anonymous_24)","decl":{"start":{"line":705,"column":25},"end":{"line":705,"column":26}},"loc":{"start":{"line":705,"column":45},"end":{"line":723,"column":1}},"line":705},"25":{"name":"(anonymous_25)","decl":{"start":{"line":725,"column":26},"end":{"line":725,"column":27}},"loc":{"start":{"line":725,"column":46},"end":{"line":773,"column":1}},"line":725},"26":{"name":"(anonymous_26)","decl":{"start":{"line":775,"column":32},"end":{"line":775,"column":33}},"loc":{"start":{"line":775,"column":52},"end":{"line":815,"column":1}},"line":775},"27":{"name":"(anonymous_27)","decl":{"start":{"line":817,"column":26},"end":{"line":817,"column":27}},"loc":{"start":{"line":817,"column":46},"end":{"line":832,"column":1}},"line":817},"28":{"name":"(anonymous_28)","decl":{"start":{"line":834,"column":27},"end":{"line":834,"column":28}},"loc":{"start":{"line":834,"column":47},"end":{"line":889,"column":1}},"line":834},"29":{"name":"(anonymous_29)","decl":{"start":{"line":891,"column":33},"end":{"line":891,"column":34}},"loc":{"start":{"line":891,"column":53},"end":{"line":913,"column":1}},"line":891},"30":{"name":"(anonymous_30)","decl":{"start":{"line":915,"column":30},"end":{"line":915,"column":31}},"loc":{"start":{"line":915,"column":50},"end":{"line":931,"column":1}},"line":915},"31":{"name":"(anonymous_31)","decl":{"start":{"line":933,"column":36},"end":{"line":933,"column":37}},"loc":{"start":{"line":933,"column":56},"end":{"line":960,"column":1}},"line":933},"32":{"name":"(anonymous_32)","decl":{"start":{"line":962,"column":32},"end":{"line":962,"column":33}},"loc":{"start":{"line":962,"column":52},"end":{"line":992,"column":1}},"line":962},"33":{"name":"(anonymous_33)","decl":{"start":{"line":995,"column":31},"end":{"line":995,"column":32}},"loc":{"start":{"line":995,"column":51},"end":{"line":1010,"column":1}},"line":995},"34":{"name":"(anonymous_34)","decl":{"start":{"line":1013,"column":35},"end":{"line":1013,"column":36}},"loc":{"start":{"line":1013,"column":55},"end":{"line":1040,"column":1}},"line":1013},"35":{"name":"(anonymous_35)","decl":{"start":{"line":1042,"column":32},"end":{"line":1042,"column":33}},"loc":{"start":{"line":1042,"column":52},"end":{"line":1063,"column":1}},"line":1042},"36":{"name":"(anonymous_36)","decl":{"start":{"line":1065,"column":8},"end":{"line":1065,"column":9}},"loc":{"start":{"line":1065,"column":33},"end":{"line":1068,"column":1}},"line":1065},"37":{"name":"(anonymous_37)","decl":{"start":{"line":1070,"column":17},"end":{"line":1070,"column":18}},"loc":{"start":{"line":1070,"column":23},"end":{"line":1076,"column":1}},"line":1070}},"branchMap":{"0":{"loc":{"start":{"line":40,"column":2},"end":{"line":87,"column":3}},"type":"if","locations":[{"start":{"line":40,"column":2},"end":{"line":87,"column":3}},{"start":{},"end":{}}],"line":40},"1":{"loc":{"start":{"line":93,"column":2},"end":{"line":118,"column":3}},"type":"if","locations":[{"start":{"line":93,"column":2},"end":{"line":118,"column":3}},{"start":{},"end":{}}],"line":93},"2":{"loc":{"start":{"line":124,"column":2},"end":{"line":145,"column":3}},"type":"if","locations":[{"start":{"line":124,"column":2},"end":{"line":145,"column":3}},{"start":{},"end":{}}],"line":124},"3":{"loc":{"start":{"line":151,"column":2},"end":{"line":153,"column":3}},"type":"if","locations":[{"start":{"line":151,"column":2},"end":{"line":153,"column":3}},{"start":{},"end":{}}],"line":151},"4":{"loc":{"start":{"line":157,"column":30},"end":{"line":157,"column":49}},"type":"binary-expr","locations":[{"start":{"line":157,"column":30},"end":{"line":157,"column":44}},{"start":{"line":157,"column":48},"end":{"line":157,"column":49}}],"line":157},"5":{"loc":{"start":{"line":158,"column":30},"end":{"line":158,"column":50}},"type":"binary-expr","locations":[{"start":{"line":158,"column":30},"end":{"line":158,"column":45}},{"start":{"line":158,"column":49},"end":{"line":158,"column":50}}],"line":158},"6":{"loc":{"start":{"line":161,"column":12},"end":{"line":161,"column":28}},"type":"binary-expr","locations":[{"start":{"line":161,"column":12},"end":{"line":161,"column":20}},{"start":{"line":161,"column":24},"end":{"line":161,"column":28}}],"line":161},"7":{"loc":{"start":{"line":163,"column":10},"end":{"line":164,"column":27}},"type":"binary-expr","locations":[{"start":{"line":163,"column":10},"end":{"line":163,"column":71}},{"start":{"line":164,"column":10},"end":{"line":164,"column":27}}],"line":163},"8":{"loc":{"start":{"line":163,"column":17},"end":{"line":163,"column":63}},"type":"binary-expr","locations":[{"start":{"line":163,"column":17},"end":{"line":163,"column":27}},{"start":{"line":163,"column":31},"end":{"line":163,"column":42}},{"start":{"line":163,"column":46},"end":{"line":163,"column":63}}],"line":163},"9":{"loc":{"start":{"line":166,"column":10},"end":{"line":168,"column":15}},"type":"cond-expr","locations":[{"start":{"line":167,"column":14},"end":{"line":167,"column":48}},{"start":{"line":168,"column":14},"end":{"line":168,"column":15}}],"line":166},"10":{"loc":{"start":{"line":166,"column":10},"end":{"line":166,"column":51}},"type":"binary-expr","locations":[{"start":{"line":166,"column":10},"end":{"line":166,"column":35}},{"start":{"line":166,"column":39},"end":{"line":166,"column":51}}],"line":166},"11":{"loc":{"start":{"line":170,"column":10},"end":{"line":170,"column":79}},"type":"cond-expr","locations":[{"start":{"line":170,"column":55},"end":{"line":170,"column":75}},{"start":{"line":170,"column":78},"end":{"line":170,"column":79}}],"line":170},"12":{"loc":{"start":{"line":170,"column":10},"end":{"line":170,"column":52}},"type":"binary-expr","locations":[{"start":{"line":170,"column":10},"end":{"line":170,"column":35}},{"start":{"line":170,"column":39},"end":{"line":170,"column":52}}],"line":170},"13":{"loc":{"start":{"line":171,"column":26},"end":{"line":171,"column":47}},"type":"binary-expr","locations":[{"start":{"line":171,"column":26},"end":{"line":171,"column":41}},{"start":{"line":171,"column":45},"end":{"line":171,"column":47}}],"line":171},"14":{"loc":{"start":{"line":172,"column":25},"end":{"line":172,"column":45}},"type":"binary-expr","locations":[{"start":{"line":172,"column":25},"end":{"line":172,"column":39}},{"start":{"line":172,"column":43},"end":{"line":172,"column":45}}],"line":172},"15":{"loc":{"start":{"line":173,"column":22},"end":{"line":173,"column":39}},"type":"binary-expr","locations":[{"start":{"line":173,"column":22},"end":{"line":173,"column":33}},{"start":{"line":173,"column":37},"end":{"line":173,"column":39}}],"line":173},"16":{"loc":{"start":{"line":174,"column":22},"end":{"line":174,"column":39}},"type":"binary-expr","locations":[{"start":{"line":174,"column":22},"end":{"line":174,"column":33}},{"start":{"line":174,"column":37},"end":{"line":174,"column":39}}],"line":174},"17":{"loc":{"start":{"line":177,"column":22},"end":{"line":177,"column":52}},"type":"binary-expr","locations":[{"start":{"line":177,"column":22},"end":{"line":177,"column":31}},{"start":{"line":177,"column":35},"end":{"line":177,"column":52}}],"line":177},"18":{"loc":{"start":{"line":187,"column":29},"end":{"line":187,"column":40}},"type":"binary-expr","locations":[{"start":{"line":187,"column":29},"end":{"line":187,"column":34}},{"start":{"line":187,"column":38},"end":{"line":187,"column":40}}],"line":187},"19":{"loc":{"start":{"line":189,"column":4},"end":{"line":193,"column":5}},"type":"if","locations":[{"start":{"line":189,"column":4},"end":{"line":193,"column":5}},{"start":{},"end":{}}],"line":189},"20":{"loc":{"start":{"line":189,"column":8},"end":{"line":189,"column":50}},"type":"binary-expr","locations":[{"start":{"line":189,"column":8},"end":{"line":189,"column":17}},{"start":{"line":189,"column":21},"end":{"line":189,"column":37}},{"start":{"line":189,"column":41},"end":{"line":189,"column":50}}],"line":189},"21":{"loc":{"start":{"line":200,"column":4},"end":{"line":204,"column":5}},"type":"if","locations":[{"start":{"line":200,"column":4},"end":{"line":204,"column":5}},{"start":{},"end":{}}],"line":200},"22":{"loc":{"start":{"line":213,"column":4},"end":{"line":217,"column":5}},"type":"if","locations":[{"start":{"line":213,"column":4},"end":{"line":217,"column":5}},{"start":{},"end":{}}],"line":213},"23":{"loc":{"start":{"line":228,"column":34},"end":{"line":228,"column":50}},"type":"binary-expr","locations":[{"start":{"line":228,"column":34},"end":{"line":228,"column":44}},{"start":{"line":228,"column":48},"end":{"line":228,"column":50}}],"line":228},"24":{"loc":{"start":{"line":230,"column":4},"end":{"line":234,"column":5}},"type":"if","locations":[{"start":{"line":230,"column":4},"end":{"line":234,"column":5}},{"start":{},"end":{}}],"line":230},"25":{"loc":{"start":{"line":230,"column":8},"end":{"line":230,"column":42}},"type":"binary-expr","locations":[{"start":{"line":230,"column":8},"end":{"line":230,"column":29}},{"start":{"line":230,"column":33},"end":{"line":230,"column":42}}],"line":230},"26":{"loc":{"start":{"line":241,"column":4},"end":{"line":245,"column":5}},"type":"if","locations":[{"start":{"line":241,"column":4},"end":{"line":245,"column":5}},{"start":{},"end":{}}],"line":241},"27":{"loc":{"start":{"line":250,"column":4},"end":{"line":254,"column":5}},"type":"if","locations":[{"start":{"line":250,"column":4},"end":{"line":254,"column":5}},{"start":{},"end":{}}],"line":250},"28":{"loc":{"start":{"line":290,"column":32},"end":{"line":290,"column":46}},"type":"binary-expr","locations":[{"start":{"line":290,"column":32},"end":{"line":290,"column":40}},{"start":{"line":290,"column":44},"end":{"line":290,"column":46}}],"line":290},"29":{"loc":{"start":{"line":291,"column":29},"end":{"line":291,"column":40}},"type":"binary-expr","locations":[{"start":{"line":291,"column":29},"end":{"line":291,"column":34}},{"start":{"line":291,"column":38},"end":{"line":291,"column":40}}],"line":291},"30":{"loc":{"start":{"line":293,"column":4},"end":{"line":297,"column":5}},"type":"if","locations":[{"start":{"line":293,"column":4},"end":{"line":297,"column":5}},{"start":{},"end":{}}],"line":293},"31":{"loc":{"start":{"line":293,"column":8},"end":{"line":293,"column":60}},"type":"binary-expr","locations":[{"start":{"line":293,"column":8},"end":{"line":293,"column":27}},{"start":{"line":293,"column":31},"end":{"line":293,"column":47}},{"start":{"line":293,"column":51},"end":{"line":293,"column":60}}],"line":293},"32":{"loc":{"start":{"line":304,"column":4},"end":{"line":308,"column":5}},"type":"if","locations":[{"start":{"line":304,"column":4},"end":{"line":308,"column":5}},{"start":{},"end":{}}],"line":304},"33":{"loc":{"start":{"line":327,"column":4},"end":{"line":331,"column":5}},"type":"if","locations":[{"start":{"line":327,"column":4},"end":{"line":331,"column":5}},{"start":{},"end":{}}],"line":327},"34":{"loc":{"start":{"line":345,"column":27},"end":{"line":345,"column":60}},"type":"cond-expr","locations":[{"start":{"line":345,"column":34},"end":{"line":345,"column":53}},{"start":{"line":345,"column":56},"end":{"line":345,"column":60}}],"line":345},"35":{"loc":{"start":{"line":347,"column":6},"end":{"line":347,"column":68}},"type":"cond-expr","locations":[{"start":{"line":347,"column":53},"end":{"line":347,"column":63}},{"start":{"line":347,"column":66},"end":{"line":347,"column":68}}],"line":347},"36":{"loc":{"start":{"line":347,"column":6},"end":{"line":347,"column":50}},"type":"binary-expr","locations":[{"start":{"line":347,"column":6},"end":{"line":347,"column":16}},{"start":{"line":347,"column":20},"end":{"line":347,"column":50}}],"line":347},"37":{"loc":{"start":{"line":349,"column":6},"end":{"line":349,"column":62}},"type":"cond-expr","locations":[{"start":{"line":349,"column":49},"end":{"line":349,"column":57}},{"start":{"line":349,"column":60},"end":{"line":349,"column":62}}],"line":349},"38":{"loc":{"start":{"line":349,"column":6},"end":{"line":349,"column":46}},"type":"binary-expr","locations":[{"start":{"line":349,"column":6},"end":{"line":349,"column":14}},{"start":{"line":349,"column":18},"end":{"line":349,"column":46}}],"line":349},"39":{"loc":{"start":{"line":351,"column":6},"end":{"line":351,"column":62}},"type":"cond-expr","locations":[{"start":{"line":351,"column":49},"end":{"line":351,"column":57}},{"start":{"line":351,"column":60},"end":{"line":351,"column":62}}],"line":351},"40":{"loc":{"start":{"line":351,"column":6},"end":{"line":351,"column":46}},"type":"binary-expr","locations":[{"start":{"line":351,"column":6},"end":{"line":351,"column":14}},{"start":{"line":351,"column":18},"end":{"line":351,"column":46}}],"line":351},"41":{"loc":{"start":{"line":352,"column":18},"end":{"line":352,"column":40}},"type":"binary-expr","locations":[{"start":{"line":352,"column":18},"end":{"line":352,"column":35}},{"start":{"line":352,"column":39},"end":{"line":352,"column":40}}],"line":352},"42":{"loc":{"start":{"line":357,"column":8},"end":{"line":357,"column":23}},"type":"binary-expr","locations":[{"start":{"line":357,"column":8},"end":{"line":357,"column":15}},{"start":{"line":357,"column":19},"end":{"line":357,"column":23}}],"line":357},"43":{"loc":{"start":{"line":374,"column":17},"end":{"line":374,"column":69}},"type":"cond-expr","locations":[{"start":{"line":374,"column":37},"end":{"line":374,"column":62}},{"start":{"line":374,"column":65},"end":{"line":374,"column":69}}],"line":374},"44":{"loc":{"start":{"line":380,"column":4},"end":{"line":389,"column":5}},"type":"if","locations":[{"start":{"line":380,"column":4},"end":{"line":389,"column":5}},{"start":{"line":385,"column":11},"end":{"line":389,"column":5}}],"line":380},"45":{"loc":{"start":{"line":380,"column":8},"end":{"line":380,"column":56}},"type":"binary-expr","locations":[{"start":{"line":380,"column":8},"end":{"line":380,"column":14}},{"start":{"line":380,"column":18},"end":{"line":380,"column":42}},{"start":{"line":380,"column":46},"end":{"line":380,"column":56}}],"line":380},"46":{"loc":{"start":{"line":401,"column":2},"end":{"line":403,"column":3}},"type":"if","locations":[{"start":{"line":401,"column":2},"end":{"line":403,"column":3}},{"start":{},"end":{}}],"line":401},"47":{"loc":{"start":{"line":401,"column":6},"end":{"line":401,"column":48}},"type":"binary-expr","locations":[{"start":{"line":401,"column":6},"end":{"line":401,"column":32}},{"start":{"line":401,"column":36},"end":{"line":401,"column":48}}],"line":401},"48":{"loc":{"start":{"line":413,"column":4},"end":{"line":415,"column":5}},"type":"if","locations":[{"start":{"line":413,"column":4},"end":{"line":415,"column":5}},{"start":{},"end":{}}],"line":413},"49":{"loc":{"start":{"line":427,"column":2},"end":{"line":431,"column":3}},"type":"if","locations":[{"start":{"line":427,"column":2},"end":{"line":431,"column":3}},{"start":{},"end":{}}],"line":427},"50":{"loc":{"start":{"line":427,"column":6},"end":{"line":427,"column":46}},"type":"binary-expr","locations":[{"start":{"line":427,"column":6},"end":{"line":427,"column":31}},{"start":{"line":427,"column":35},"end":{"line":427,"column":46}}],"line":427},"51":{"loc":{"start":{"line":439,"column":4},"end":{"line":441,"column":5}},"type":"if","locations":[{"start":{"line":439,"column":4},"end":{"line":441,"column":5}},{"start":{},"end":{}}],"line":439},"52":{"loc":{"start":{"line":453,"column":2},"end":{"line":457,"column":3}},"type":"if","locations":[{"start":{"line":453,"column":2},"end":{"line":457,"column":3}},{"start":{},"end":{}}],"line":453},"53":{"loc":{"start":{"line":453,"column":6},"end":{"line":453,"column":46}},"type":"binary-expr","locations":[{"start":{"line":453,"column":6},"end":{"line":453,"column":31}},{"start":{"line":453,"column":35},"end":{"line":453,"column":46}}],"line":453},"54":{"loc":{"start":{"line":467,"column":4},"end":{"line":469,"column":5}},"type":"if","locations":[{"start":{"line":467,"column":4},"end":{"line":469,"column":5}},{"start":{},"end":{}}],"line":467},"55":{"loc":{"start":{"line":483,"column":2},"end":{"line":487,"column":3}},"type":"if","locations":[{"start":{"line":483,"column":2},"end":{"line":487,"column":3}},{"start":{},"end":{}}],"line":483},"56":{"loc":{"start":{"line":483,"column":6},"end":{"line":483,"column":46}},"type":"binary-expr","locations":[{"start":{"line":483,"column":6},"end":{"line":483,"column":31}},{"start":{"line":483,"column":35},"end":{"line":483,"column":46}}],"line":483},"57":{"loc":{"start":{"line":489,"column":33},"end":{"line":489,"column":44}},"type":"binary-expr","locations":[{"start":{"line":489,"column":33},"end":{"line":489,"column":38}},{"start":{"line":489,"column":42},"end":{"line":489,"column":44}}],"line":489},"58":{"loc":{"start":{"line":493,"column":2},"end":{"line":495,"column":3}},"type":"if","locations":[{"start":{"line":493,"column":2},"end":{"line":495,"column":3}},{"start":{},"end":{}}],"line":493},"59":{"loc":{"start":{"line":514,"column":15},"end":{"line":514,"column":24}},"type":"binary-expr","locations":[{"start":{"line":514,"column":15},"end":{"line":514,"column":18}},{"start":{"line":514,"column":22},"end":{"line":514,"column":24}}],"line":514},"60":{"loc":{"start":{"line":515,"column":15},"end":{"line":515,"column":25}},"type":"binary-expr","locations":[{"start":{"line":515,"column":15},"end":{"line":515,"column":19}},{"start":{"line":515,"column":23},"end":{"line":515,"column":25}}],"line":515},"61":{"loc":{"start":{"line":516,"column":8},"end":{"line":518,"column":31}},"type":"cond-expr","locations":[{"start":{"line":517,"column":12},"end":{"line":517,"column":16}},{"start":{"line":518,"column":12},"end":{"line":518,"column":31}}],"line":516},"62":{"loc":{"start":{"line":516,"column":8},"end":{"line":516,"column":79}},"type":"binary-expr","locations":[{"start":{"line":516,"column":8},"end":{"line":516,"column":28}},{"start":{"line":516,"column":32},"end":{"line":516,"column":57}},{"start":{"line":516,"column":61},"end":{"line":516,"column":79}}],"line":516},"63":{"loc":{"start":{"line":519,"column":15},"end":{"line":519,"column":33}},"type":"binary-expr","locations":[{"start":{"line":519,"column":15},"end":{"line":519,"column":27}},{"start":{"line":519,"column":31},"end":{"line":519,"column":33}}],"line":519},"64":{"loc":{"start":{"line":520,"column":15},"end":{"line":520,"column":33}},"type":"binary-expr","locations":[{"start":{"line":520,"column":15},"end":{"line":520,"column":27}},{"start":{"line":520,"column":31},"end":{"line":520,"column":33}}],"line":520},"65":{"loc":{"start":{"line":525,"column":4},"end":{"line":527,"column":5}},"type":"if","locations":[{"start":{"line":525,"column":4},"end":{"line":527,"column":5}},{"start":{},"end":{}}],"line":525},"66":{"loc":{"start":{"line":542,"column":2},"end":{"line":546,"column":3}},"type":"if","locations":[{"start":{"line":542,"column":2},"end":{"line":546,"column":3}},{"start":{},"end":{}}],"line":542},"67":{"loc":{"start":{"line":542,"column":6},"end":{"line":542,"column":46}},"type":"binary-expr","locations":[{"start":{"line":542,"column":6},"end":{"line":542,"column":31}},{"start":{"line":542,"column":35},"end":{"line":542,"column":46}}],"line":542},"68":{"loc":{"start":{"line":584,"column":4},"end":{"line":586,"column":23}},"type":"cond-expr","locations":[{"start":{"line":585,"column":8},"end":{"line":585,"column":12}},{"start":{"line":586,"column":8},"end":{"line":586,"column":23}}],"line":584},"69":{"loc":{"start":{"line":584,"column":4},"end":{"line":584,"column":63}},"type":"binary-expr","locations":[{"start":{"line":584,"column":4},"end":{"line":584,"column":20}},{"start":{"line":584,"column":24},"end":{"line":584,"column":45}},{"start":{"line":584,"column":49},"end":{"line":584,"column":63}}],"line":584},"70":{"loc":{"start":{"line":588,"column":4},"end":{"line":592,"column":18}},"type":"cond-expr","locations":[{"start":{"line":591,"column":8},"end":{"line":591,"column":24}},{"start":{"line":592,"column":8},"end":{"line":592,"column":18}}],"line":588},"71":{"loc":{"start":{"line":588,"column":11},"end":{"line":588,"column":35}},"type":"binary-expr","locations":[{"start":{"line":588,"column":11},"end":{"line":588,"column":21}},{"start":{"line":588,"column":25},"end":{"line":588,"column":35}}],"line":588},"72":{"loc":{"start":{"line":593,"column":40},"end":{"line":593,"column":59}},"type":"binary-expr","locations":[{"start":{"line":593,"column":40},"end":{"line":593,"column":53}},{"start":{"line":593,"column":57},"end":{"line":593,"column":59}}],"line":593},"73":{"loc":{"start":{"line":594,"column":41},"end":{"line":594,"column":61}},"type":"binary-expr","locations":[{"start":{"line":594,"column":41},"end":{"line":594,"column":55}},{"start":{"line":594,"column":59},"end":{"line":594,"column":61}}],"line":594},"74":{"loc":{"start":{"line":597,"column":43},"end":{"line":597,"column":65}},"type":"binary-expr","locations":[{"start":{"line":597,"column":43},"end":{"line":597,"column":59}},{"start":{"line":597,"column":63},"end":{"line":597,"column":65}}],"line":597},"75":{"loc":{"start":{"line":598,"column":39},"end":{"line":598,"column":57}},"type":"binary-expr","locations":[{"start":{"line":598,"column":39},"end":{"line":598,"column":51}},{"start":{"line":598,"column":55},"end":{"line":598,"column":57}}],"line":598},"76":{"loc":{"start":{"line":599,"column":40},"end":{"line":599,"column":59}},"type":"binary-expr","locations":[{"start":{"line":599,"column":40},"end":{"line":599,"column":53}},{"start":{"line":599,"column":57},"end":{"line":599,"column":59}}],"line":599},"77":{"loc":{"start":{"line":600,"column":39},"end":{"line":600,"column":57}},"type":"binary-expr","locations":[{"start":{"line":600,"column":39},"end":{"line":600,"column":51}},{"start":{"line":600,"column":55},"end":{"line":600,"column":57}}],"line":600},"78":{"loc":{"start":{"line":602,"column":4},"end":{"line":605,"column":23}},"type":"binary-expr","locations":[{"start":{"line":602,"column":4},"end":{"line":602,"column":10}},{"start":{"line":603,"column":7},"end":{"line":605,"column":22}}],"line":602},"79":{"loc":{"start":{"line":603,"column":7},"end":{"line":605,"column":22}},"type":"cond-expr","locations":[{"start":{"line":604,"column":10},"end":{"line":604,"column":24}},{"start":{"line":605,"column":10},"end":{"line":605,"column":22}}],"line":603},"80":{"loc":{"start":{"line":611,"column":2},"end":{"line":618,"column":3}},"type":"if","locations":[{"start":{"line":611,"column":2},"end":{"line":618,"column":3}},{"start":{},"end":{}}],"line":611},"81":{"loc":{"start":{"line":612,"column":4},"end":{"line":613,"column":66}},"type":"binary-expr","locations":[{"start":{"line":612,"column":4},"end":{"line":612,"column":29}},{"start":{"line":613,"column":5},"end":{"line":613,"column":40}},{"start":{"line":613,"column":44},"end":{"line":613,"column":65}}],"line":612},"82":{"loc":{"start":{"line":620,"column":2},"end":{"line":624,"column":3}},"type":"if","locations":[{"start":{"line":620,"column":2},"end":{"line":624,"column":3}},{"start":{},"end":{}}],"line":620},"83":{"loc":{"start":{"line":620,"column":6},"end":{"line":620,"column":57}},"type":"binary-expr","locations":[{"start":{"line":620,"column":6},"end":{"line":620,"column":29}},{"start":{"line":620,"column":33},"end":{"line":620,"column":57}}],"line":620},"84":{"loc":{"start":{"line":626,"column":2},"end":{"line":634,"column":3}},"type":"if","locations":[{"start":{"line":626,"column":2},"end":{"line":634,"column":3}},{"start":{"line":632,"column":9},"end":{"line":634,"column":3}}],"line":626},"85":{"loc":{"start":{"line":627,"column":4},"end":{"line":631,"column":5}},"type":"if","locations":[{"start":{"line":627,"column":4},"end":{"line":631,"column":5}},{"start":{},"end":{}}],"line":627},"86":{"loc":{"start":{"line":627,"column":8},"end":{"line":627,"column":57}},"type":"binary-expr","locations":[{"start":{"line":627,"column":8},"end":{"line":627,"column":31}},{"start":{"line":627,"column":35},"end":{"line":627,"column":57}}],"line":627},"87":{"loc":{"start":{"line":632,"column":9},"end":{"line":634,"column":3}},"type":"if","locations":[{"start":{"line":632,"column":9},"end":{"line":634,"column":3}},{"start":{},"end":{}}],"line":632},"88":{"loc":{"start":{"line":636,"column":2},"end":{"line":638,"column":3}},"type":"if","locations":[{"start":{"line":636,"column":2},"end":{"line":638,"column":3}},{"start":{},"end":{}}],"line":636},"89":{"loc":{"start":{"line":636,"column":6},"end":{"line":636,"column":72}},"type":"binary-expr","locations":[{"start":{"line":636,"column":6},"end":{"line":636,"column":40}},{"start":{"line":636,"column":44},"end":{"line":636,"column":72}}],"line":636},"90":{"loc":{"start":{"line":641,"column":4},"end":{"line":647,"column":9}},"type":"cond-expr","locations":[{"start":{"line":642,"column":8},"end":{"line":646,"column":9}},{"start":{"line":647,"column":8},"end":{"line":647,"column":9}}],"line":641},"91":{"loc":{"start":{"line":644,"column":25},"end":{"line":644,"column":44}},"type":"binary-expr","locations":[{"start":{"line":644,"column":25},"end":{"line":644,"column":39}},{"start":{"line":644,"column":43},"end":{"line":644,"column":44}}],"line":644},"92":{"loc":{"start":{"line":644,"column":55},"end":{"line":644,"column":73}},"type":"binary-expr","locations":[{"start":{"line":644,"column":55},"end":{"line":644,"column":68}},{"start":{"line":644,"column":72},"end":{"line":644,"column":73}}],"line":644},"93":{"loc":{"start":{"line":650,"column":4},"end":{"line":653,"column":24}},"type":"cond-expr","locations":[{"start":{"line":652,"column":8},"end":{"line":652,"column":22}},{"start":{"line":653,"column":8},"end":{"line":653,"column":24}}],"line":650},"94":{"loc":{"start":{"line":650,"column":4},"end":{"line":651,"column":37}},"type":"binary-expr","locations":[{"start":{"line":650,"column":4},"end":{"line":650,"column":44}},{"start":{"line":651,"column":4},"end":{"line":651,"column":37}}],"line":650},"95":{"loc":{"start":{"line":681,"column":8},"end":{"line":683,"column":45}},"type":"cond-expr","locations":[{"start":{"line":682,"column":12},"end":{"line":682,"column":37}},{"start":{"line":683,"column":12},"end":{"line":683,"column":45}}],"line":681},"96":{"loc":{"start":{"line":683,"column":12},"end":{"line":683,"column":45}},"type":"binary-expr","locations":[{"start":{"line":683,"column":12},"end":{"line":683,"column":37}},{"start":{"line":683,"column":41},"end":{"line":683,"column":45}}],"line":683},"97":{"loc":{"start":{"line":684,"column":8},"end":{"line":684,"column":37}},"type":"binary-expr","locations":[{"start":{"line":684,"column":8},"end":{"line":684,"column":29}},{"start":{"line":684,"column":33},"end":{"line":684,"column":37}}],"line":684},"98":{"loc":{"start":{"line":685,"column":8},"end":{"line":687,"column":16}},"type":"cond-expr","locations":[{"start":{"line":686,"column":12},"end":{"line":686,"column":34}},{"start":{"line":687,"column":12},"end":{"line":687,"column":16}}],"line":685},"99":{"loc":{"start":{"line":688,"column":8},"end":{"line":688,"column":79}},"type":"cond-expr","locations":[{"start":{"line":688,"column":51},"end":{"line":688,"column":72}},{"start":{"line":688,"column":75},"end":{"line":688,"column":79}}],"line":688},"100":{"loc":{"start":{"line":728,"column":4},"end":{"line":730,"column":23}},"type":"cond-expr","locations":[{"start":{"line":729,"column":8},"end":{"line":729,"column":12}},{"start":{"line":730,"column":8},"end":{"line":730,"column":23}}],"line":728},"101":{"loc":{"start":{"line":728,"column":4},"end":{"line":728,"column":63}},"type":"binary-expr","locations":[{"start":{"line":728,"column":4},"end":{"line":728,"column":20}},{"start":{"line":728,"column":24},"end":{"line":728,"column":45}},{"start":{"line":728,"column":49},"end":{"line":728,"column":63}}],"line":728},"102":{"loc":{"start":{"line":731,"column":31},"end":{"line":731,"column":40}},"type":"binary-expr","locations":[{"start":{"line":731,"column":31},"end":{"line":731,"column":34}},{"start":{"line":731,"column":38},"end":{"line":731,"column":40}}],"line":731},"103":{"loc":{"start":{"line":732,"column":35},"end":{"line":732,"column":48}},"type":"binary-expr","locations":[{"start":{"line":732,"column":35},"end":{"line":732,"column":42}},{"start":{"line":732,"column":46},"end":{"line":732,"column":48}}],"line":732},"104":{"loc":{"start":{"line":733,"column":32},"end":{"line":733,"column":42}},"type":"binary-expr","locations":[{"start":{"line":733,"column":32},"end":{"line":733,"column":36}},{"start":{"line":733,"column":40},"end":{"line":733,"column":42}}],"line":733},"105":{"loc":{"start":{"line":735,"column":2},"end":{"line":742,"column":3}},"type":"if","locations":[{"start":{"line":735,"column":2},"end":{"line":742,"column":3}},{"start":{},"end":{}}],"line":735},"106":{"loc":{"start":{"line":736,"column":4},"end":{"line":737,"column":66}},"type":"binary-expr","locations":[{"start":{"line":736,"column":4},"end":{"line":736,"column":29}},{"start":{"line":737,"column":5},"end":{"line":737,"column":40}},{"start":{"line":737,"column":44},"end":{"line":737,"column":65}}],"line":736},"107":{"loc":{"start":{"line":744,"column":2},"end":{"line":746,"column":3}},"type":"if","locations":[{"start":{"line":744,"column":2},"end":{"line":746,"column":3}},{"start":{},"end":{}}],"line":744},"108":{"loc":{"start":{"line":744,"column":6},"end":{"line":744,"column":43}},"type":"binary-expr","locations":[{"start":{"line":744,"column":6},"end":{"line":744,"column":21}},{"start":{"line":744,"column":25},"end":{"line":744,"column":43}}],"line":744},"109":{"loc":{"start":{"line":759,"column":8},"end":{"line":759,"column":29}},"type":"binary-expr","locations":[{"start":{"line":759,"column":8},"end":{"line":759,"column":21}},{"start":{"line":759,"column":25},"end":{"line":759,"column":29}}],"line":759},"110":{"loc":{"start":{"line":777,"column":17},"end":{"line":777,"column":68}},"type":"cond-expr","locations":[{"start":{"line":777,"column":37},"end":{"line":777,"column":61}},{"start":{"line":777,"column":64},"end":{"line":777,"column":68}}],"line":777},"111":{"loc":{"start":{"line":780,"column":2},"end":{"line":782,"column":3}},"type":"if","locations":[{"start":{"line":780,"column":2},"end":{"line":782,"column":3}},{"start":{},"end":{}}],"line":780},"112":{"loc":{"start":{"line":780,"column":6},"end":{"line":780,"column":52}},"type":"binary-expr","locations":[{"start":{"line":780,"column":6},"end":{"line":780,"column":34}},{"start":{"line":780,"column":38},"end":{"line":780,"column":52}}],"line":780},"113":{"loc":{"start":{"line":792,"column":4},"end":{"line":794,"column":5}},"type":"if","locations":[{"start":{"line":792,"column":4},"end":{"line":794,"column":5}},{"start":{},"end":{}}],"line":792},"114":{"loc":{"start":{"line":797,"column":20},"end":{"line":797,"column":54}},"type":"binary-expr","locations":[{"start":{"line":797,"column":20},"end":{"line":797,"column":26}},{"start":{"line":797,"column":30},"end":{"line":797,"column":54}}],"line":797},"115":{"loc":{"start":{"line":799,"column":4},"end":{"line":803,"column":5}},"type":"if","locations":[{"start":{"line":799,"column":4},"end":{"line":803,"column":5}},{"start":{},"end":{}}],"line":799},"116":{"loc":{"start":{"line":799,"column":8},"end":{"line":799,"column":28}},"type":"binary-expr","locations":[{"start":{"line":799,"column":8},"end":{"line":799,"column":16}},{"start":{"line":799,"column":20},"end":{"line":799,"column":28}}],"line":799},"117":{"loc":{"start":{"line":837,"column":2},"end":{"line":848,"column":3}},"type":"if","locations":[{"start":{"line":837,"column":2},"end":{"line":848,"column":3}},{"start":{},"end":{}}],"line":837},"118":{"loc":{"start":{"line":838,"column":4},"end":{"line":843,"column":22}},"type":"binary-expr","locations":[{"start":{"line":838,"column":4},"end":{"line":838,"column":9}},{"start":{"line":839,"column":4},"end":{"line":839,"column":13}},{"start":{"line":840,"column":4},"end":{"line":840,"column":10}},{"start":{"line":841,"column":4},"end":{"line":841,"column":10}},{"start":{"line":842,"column":4},"end":{"line":842,"column":27}},{"start":{"line":843,"column":4},"end":{"line":843,"column":22}}],"line":838},"119":{"loc":{"start":{"line":855,"column":6},"end":{"line":855,"column":55}},"type":"binary-expr","locations":[{"start":{"line":855,"column":6},"end":{"line":855,"column":50}},{"start":{"line":855,"column":54},"end":{"line":855,"column":55}}],"line":855},"120":{"loc":{"start":{"line":877,"column":8},"end":{"line":877,"column":51}},"type":"cond-expr","locations":[{"start":{"line":877,"column":20},"end":{"line":877,"column":44}},{"start":{"line":877,"column":47},"end":{"line":877,"column":51}}],"line":877},"121":{"loc":{"start":{"line":894,"column":2},"end":{"line":896,"column":3}},"type":"if","locations":[{"start":{"line":894,"column":2},"end":{"line":896,"column":3}},{"start":{},"end":{}}],"line":894},"122":{"loc":{"start":{"line":894,"column":6},"end":{"line":894,"column":46}},"type":"binary-expr","locations":[{"start":{"line":894,"column":6},"end":{"line":894,"column":31}},{"start":{"line":894,"column":35},"end":{"line":894,"column":46}}],"line":894},"123":{"loc":{"start":{"line":904,"column":4},"end":{"line":906,"column":5}},"type":"if","locations":[{"start":{"line":904,"column":4},"end":{"line":906,"column":5}},{"start":{},"end":{}}],"line":904},"124":{"loc":{"start":{"line":936,"column":2},"end":{"line":938,"column":3}},"type":"if","locations":[{"start":{"line":936,"column":2},"end":{"line":938,"column":3}},{"start":{},"end":{}}],"line":936},"125":{"loc":{"start":{"line":936,"column":6},"end":{"line":936,"column":56}},"type":"binary-expr","locations":[{"start":{"line":936,"column":6},"end":{"line":936,"column":36}},{"start":{"line":936,"column":40},"end":{"line":936,"column":56}}],"line":936},"126":{"loc":{"start":{"line":951,"column":4},"end":{"line":953,"column":5}},"type":"if","locations":[{"start":{"line":951,"column":4},"end":{"line":953,"column":5}},{"start":{},"end":{}}],"line":951},"127":{"loc":{"start":{"line":963,"column":26},"end":{"line":963,"column":50}},"type":"binary-expr","locations":[{"start":{"line":963,"column":26},"end":{"line":963,"column":44}},{"start":{"line":963,"column":48},"end":{"line":963,"column":50}}],"line":963},"128":{"loc":{"start":{"line":969,"column":4},"end":{"line":972,"column":5}},"type":"if","locations":[{"start":{"line":969,"column":4},"end":{"line":972,"column":5}},{"start":{},"end":{}}],"line":969},"129":{"loc":{"start":{"line":974,"column":24},"end":{"line":976,"column":10}},"type":"cond-expr","locations":[{"start":{"line":975,"column":8},"end":{"line":975,"column":43}},{"start":{"line":976,"column":8},"end":{"line":976,"column":10}}],"line":974},"130":{"loc":{"start":{"line":1016,"column":2},"end":{"line":1018,"column":3}},"type":"if","locations":[{"start":{"line":1016,"column":2},"end":{"line":1018,"column":3}},{"start":{},"end":{}}],"line":1016},"131":{"loc":{"start":{"line":1016,"column":6},"end":{"line":1016,"column":54}},"type":"binary-expr","locations":[{"start":{"line":1016,"column":6},"end":{"line":1016,"column":35}},{"start":{"line":1016,"column":39},"end":{"line":1016,"column":54}}],"line":1016},"132":{"loc":{"start":{"line":1031,"column":4},"end":{"line":1033,"column":5}},"type":"if","locations":[{"start":{"line":1031,"column":4},"end":{"line":1033,"column":5}},{"start":{},"end":{}}],"line":1031},"133":{"loc":{"start":{"line":1044,"column":22},"end":{"line":1044,"column":44}},"type":"binary-expr","locations":[{"start":{"line":1044,"column":22},"end":{"line":1044,"column":38}},{"start":{"line":1044,"column":42},"end":{"line":1044,"column":44}}],"line":1044}},"s":{"0":0,"1":0,"2":0,"3":0,"4":0,"5":0,"6":0,"7":0,"8":0,"9":0,"10":0,"11":0,"12":0,"13":0,"14":0,"15":0,"16":0,"17":0,"18":0,"19":0,"20":0,"21":0,"22":0,"23":0,"24":0,"25":0,"26":0,"27":0,"28":0,"29":0,"30":0,"31":0,"32":0,"33":0,"34":0,"35":0,"36":0,"37":0,"38":0,"39":0,"40":0,"41":0,"42":0,"43":0,"44":0,"45":0,"46":0,"47":0,"48":0,"49":0,"50":0,"51":0,"52":0,"53":0,"54":0,"55":0,"56":0,"57":0,"58":0,"59":0,"60":0,"61":0,"62":0,"63":0,"64":0,"65":0,"66":0,"67":0,"68":0,"69":0,"70":0,"71":0,"72":0,"73":0,"74":0,"75":0,"76":0,"77":0,"78":0,"79":0,"80":0,"81":0,"82":0,"83":0,"84":0,"85":0,"86":0,"87":0,"88":0,"89":0,"90":0,"91":0,"92":0,"93":0,"94":0,"95":0,"96":0,"97":0,"98":0,"99":0,"100":0,"101":0,"102":0,"103":0,"104":0,"105":0,"106":0,"107":0,"108":0,"109":0,"110":0,"111":0,"112":0,"113":0,"114":0,"115":0,"116":0,"117":0,"118":0,"119":0,"120":0,"121":0,"122":0,"123":0,"124":0,"125":0,"126":0,"127":0,"128":0,"129":0,"130":0,"131":0,"132":0,"133":0,"134":0,"135":0,"136":0,"137":0,"138":0,"139":0,"140":0,"141":0,"142":0,"143":0,"144":0,"145":0,"146":0,"147":0,"148":0,"149":0,"150":0,"151":0,"152":0,"153":0,"154":0,"155":0,"156":0,"157":0,"158":0,"159":0,"160":0,"161":0,"162":0,"163":0,"164":0,"165":0,"166":0,"167":0,"168":0,"169":0,"170":0,"171":0,"172":0,"173":0,"174":0,"175":0,"176":0,"177":0,"178":0,"179":0,"180":0,"181":0,"182":0,"183":0,"184":0,"185":0,"186":0,"187":0,"188":0,"189":0,"190":0,"191":0,"192":0,"193":0,"194":0,"195":0,"196":0,"197":0,"198":0,"199":0,"200":0,"201":0,"202":0,"203":0,"204":0,"205":0,"206":0,"207":0,"208":0,"209":0,"210":0,"211":0,"212":0,"213":0,"214":0,"215":0,"216":0,"217":0,"218":0,"219":0,"220":0,"221":0,"222":0,"223":0,"224":0,"225":0,"226":0,"227":0,"228":0,"229":0,"230":0,"231":0,"232":0,"233":0,"234":0,"235":0,"236":0,"237":0,"238":0,"239":0,"240":0,"241":0,"242":0,"243":0,"244":0,"245":0,"246":0,"247":0,"248":0,"249":0,"250":0,"251":0,"252":0,"253":0,"254":0,"255":0,"256":0,"257":0,"258":0,"259":0,"260":0,"261":0,"262":0,"263":0,"264":0,"265":0,"266":0,"267":0,"268":0,"269":0,"270":0,"271":0,"272":0,"273":0,"274":0,"275":0,"276":0,"277":0,"278":0,"279":0,"280":0,"281":0,"282":0,"283":0,"284":0,"285":0,"286":0,"287":0,"288":0,"289":0,"290":0,"291":0,"292":0,"293":0,"294":0,"295":0,"296":0,"297":0,"298":0,"299":0,"300":0,"301":0,"302":0,"303":0,"304":0,"305":0,"306":0,"307":0,"308":0,"309":0,"310":0,"311":0,"312":0,"313":0,"314":0,"315":0,"316":0,"317":0,"318":0,"319":0,"320":0,"321":0,"322":0,"323":0,"324":0,"325":0,"326":0,"327":0,"328":0,"329":0,"330":0,"331":0,"332":0,"333":0,"334":0,"335":0,"336":0,"337":0,"338":0,"339":0,"340":0,"341":0,"342":0,"343":0,"344":0,"345":0,"346":0,"347":0,"348":0,"349":0,"350":0,"351":0,"352":0,"353":0},"f":{"0":0,"1":0,"2":0,"3":0,"4":0,"5":0,"6":0,"7":0,"8":0,"9":0,"10":0,"11":0,"12":0,"13":0,"14":0,"15":0,"16":0,"17":0,"18":0,"19":0,"20":0,"21":0,"22":0,"23":0,"24":0,"25":0,"26":0,"27":0,"28":0,"29":0,"30":0,"31":0,"32":0,"33":0,"34":0,"35":0,"36":0,"37":0},"b":{"0":[0,0],"1":[0,0],"2":[0,0],"3":[0,0],"4":[0,0],"5":[0,0],"6":[0,0],"7":[0,0],"8":[0,0,0],"9":[0,0],"10":[0,0],"11":[0,0],"12":[0,0],"13":[0,0],"14":[0,0],"15":[0,0],"16":[0,0],"17":[0,0],"18":[0,0],"19":[0,0],"20":[0,0,0],"21":[0,0],"22":[0,0],"23":[0,0],"24":[0,0],"25":[0,0],"26":[0,0],"27":[0,0],"28":[0,0],"29":[0,0],"30":[0,0],"31":[0,0,0],"32":[0,0],"33":[0,0],"34":[0,0],"35":[0,0],"36":[0,0],"37":[0,0],"38":[0,0],"39":[0,0],"40":[0,0],"41":[0,0],"42":[0,0],"43":[0,0],"44":[0,0],"45":[0,0,0],"46":[0,0],"47":[0,0],"48":[0,0],"49":[0,0],"50":[0,0],"51":[0,0],"52":[0,0],"53":[0,0],"54":[0,0],"55":[0,0],"56":[0,0],"57":[0,0],"58":[0,0],"59":[0,0],"60":[0,0],"61":[0,0],"62":[0,0,0],"63":[0,0],"64":[0,0],"65":[0,0],"66":[0,0],"67":[0,0],"68":[0,0],"69":[0,0,0],"70":[0,0],"71":[0,0],"72":[0,0],"73":[0,0],"74":[0,0],"75":[0,0],"76":[0,0],"77":[0,0],"78":[0,0],"79":[0,0],"80":[0,0],"81":[0,0,0],"82":[0,0],"83":[0,0],"84":[0,0],"85":[0,0],"86":[0,0],"87":[0,0],"88":[0,0],"89":[0,0],"90":[0,0],"91":[0,0],"92":[0,0],"93":[0,0],"94":[0,0],"95":[0,0],"96":[0,0],"97":[0,0],"98":[0,0],"99":[0,0],"100":[0,0],"101":[0,0,0],"102":[0,0],"103":[0,0],"104":[0,0],"105":[0,0],"106":[0,0,0],"107":[0,0],"108":[0,0],"109":[0,0],"110":[0,0],"111":[0,0],"112":[0,0],"113":[0,0],"114":[0,0],"115":[0,0],"116":[0,0],"117":[0,0],"118":[0,0,0,0,0,0],
[...]
{},"end":{}}],"line":884},"56":{"loc":{"start":{"line":885,"column":4},"end":{"line":885,"column":60}},"type":"if","locations":[{"start":{"line":885,"column":4},"end":{"line":885,"column":60}},{"start":{},"end":{}}],"line":885},"57":{"loc":{"start":{"line":898,"column":2},"end":{"line":917,"column":3}},"type":"if","locations":[{"start":{"line":898,"column":2},"end":{"line":917,"column":3}},{"start":{},"end":{}}],"line":898},"58":{"loc":{"start":{"line":899,"column":17},"end":{"line":905,"column":13}},"type":"cond-expr","locations":[{"start":{"line":900,"column":8},"end":{"line":900,"column":9}},{"start":{"line":901,"column":8},"end":{"line":905,"column":13}}],"line":899},"59":{"loc":{"start":{"line":901,"column":8},"end":{"line":905,"column":13}},"type":"cond-expr","locations":[{"start":{"line":902,"column":10},"end":{"line":902,"column":11}},{"start":{"line":903,"column":10},"end":{"line":905,"column":13}}],"line":901},"60":{"loc":{"start":{"line":903,"column":10},"end":{"line":905,"column":13}},"type":"cond-expr","locations":[{"start":{"line":904,"column":12},"end":{"line":904,"column":13}},{"start":{"line":905,"column":12},"end":{"line":905,"column":13}}],"line":903},"61":{"loc":{"start":{"line":910,"column":14},"end":{"line":910,"column":62}},"type":"cond-expr","locations":[{"start":{"line":910,"column":36},"end":{"line":910,"column":45}},{"start":{"line":910,"column":48},"end":{"line":910,"column":62}}],"line":910},"62":{"loc":{"start":{"line":919,"column":2},"end":{"line":929,"column":3}},"type":"if","locations":[{"start":{"line":919,"column":2},"end":{"line":929,"column":3}},{"start":{},"end":{}}],"line":919},"63":{"loc":{"start":{"line":922,"column":14},"end":{"line":922,"column":95}},"type":"cond-expr","locations":[{"start":{"line":922,"column":69},"end":{"line":922,"column":78}},{"start":{"line":922,"column":81},"end":{"line":922,"column":95}}],"line":922},"64":{"loc":{"start":{"line":923,"column":18},"end":{"line":923,"column":101}},"type":"cond-expr","locations":[{"start":{"line":923,"column":43},"end":{"line":923,"column":53}},{"start":{"line":923,"column":56},"end":{"line":923,"column":101}}],"line":923},"65":{"loc":{"start":{"line":923,"column":56},"end":{"line":923,"column":101}},"type":"cond-expr","locations":[{"start":{"line":923,"column":82},"end":{"line":923,"column":93}},{"start":{"line":923,"column":96},"end":{"line":923,"column":101}}],"line":923},"66":{"loc":{"start":{"line":924,"column":18},"end":{"line":924,"column":54}},"type":"cond-expr","locations":[{"start":{"line":924,"column":39},"end":{"line":924,"column":45}},{"start":{"line":924,"column":48},"end":{"line":924,"column":54}}],"line":924},"67":{"loc":{"start":{"line":926,"column":12},"end":{"line":926,"column":72}},"type":"cond-expr","locations":[{"start":{"line":926,"column":49},"end":{"line":926,"column":59}},{"start":{"line":926,"column":62},"end":{"line":926,"column":72}}],"line":926},"68":{"loc":{"start":{"line":931,"column":2},"end":{"line":940,"column":3}},"type":"if","locations":[{"start":{"line":931,"column":2},"end":{"line":940,"column":3}},{"start":{},"end":{}}],"line":931},"69":{"loc":{"start":{"line":934,"column":16},"end":{"line":934,"column":85}},"type":"cond-expr","locations":[{"start":{"line":934,"column":52},"end":{"line":934,"column":71}},{"start":{"line":934,"column":74},"end":{"line":934,"column":85}}],"line":934},"70":{"loc":{"start":{"line":936,"column":17},"end":{"line":936,"column":83}},"type":"cond-expr","locations":[{"start":{"line":936,"column":57},"end":{"line":936,"column":73}},{"start":{"line":936,"column":76},"end":{"line":936,"column":83}}],"line":936},"71":{"loc":{"start":{"line":942,"column":2},"end":{"line":952,"column":3}},"type":"if","locations":[{"start":{"line":942,"column":2},"end":{"line":952,"column":3}},{"start":{},"end":{}}],"line":942},"72":{"loc":{"start":{"line":943,"column":50},"end":{"line":943,"column":95}},"type":"cond-expr","locations":[{"start":{"line":943,"column":88},"end":{"line":943,"column":90}},{"start":{"line":943,"column":93},"end":{"line":943,"column":95}}],"line":943},"73":{"loc":{"start":{"line":947,"column":18},"end":{"line":947,"column":66}},"type":"cond-expr","locations":[{"start":{"line":947,"column":42},"end":{"line":947,"column":56}},{"start":{"line":947,"column":59},"end":{"line":947,"column":66}}],"line":947},"74":{"loc":{"start":{"line":954,"column":2},"end":{"line":965,"column":3}},"type":"if","locations":[{"start":{"line":954,"column":2},"end":{"line":965,"column":3}},{"start":{},"end":{}}],"line":954},"75":{"loc":{"start":{"line":956,"column":56},"end":{"line":956,"column":88}},"type":"cond-expr","locations":[{"start":{"line":956,"column":77},"end":{"line":956,"column":81}},{"start":{"line":956,"column":84},"end":{"line":956,"column":88}}],"line":956},"76":{"loc":{"start":{"line":960,"column":12},"end":{"line":960,"column":48}},"type":"cond-expr","locations":[{"start":{"line":960,"column":33},"end":{"line":960,"column":39}},{"start":{"line":960,"column":42},"end":{"line":960,"column":48}}],"line":960},"77":{"loc":{"start":{"line":962,"column":11},"end":{"line":962,"column":74}},"type":"cond-expr","locations":[{"start":{"line":962,"column":28},"end":{"line":962,"column":36}},{"start":{"line":962,"column":39},"end":{"line":962,"column":74}}],"line":962},"78":{"loc":{"start":{"line":962,"column":39},"end":{"line":962,"column":74}},"type":"cond-expr","locations":[{"start":{"line":962,"column":56},"end":{"line":962,"column":64}},{"start":{"line":962,"column":67},"end":{"line":962,"column":74}}],"line":962},"79":{"loc":{"start":{"line":967,"column":2},"end":{"line":977,"column":3}},"type":"if","locations":[{"start":{"line":967,"column":2},"end":{"line":977,"column":3}},{"start":{},"end":{}}],"line":967},"80":{"loc":{"start":{"line":972,"column":18},"end":{"line":972,"column":51}},"type":"cond-expr","locations":[{"start":{"line":972,"column":38},"end":{"line":972,"column":43}},{"start":{"line":972,"column":46},"end":{"line":972,"column":51}}],"line":972},"81":{"loc":{"start":{"line":974,"column":18},"end":{"line":974,"column":121}},"type":"cond-expr","locations":[{"start":{"line":974,"column":46},"end":{"line":974,"column":60}},{"start":{"line":974,"column":63},"end":{"line":974,"column":121}}],"line":974},"82":{"loc":{"start":{"line":974,"column":63},"end":{"line":974,"column":121}},"type":"cond-expr","locations":[{"start":{"line":974,"column":94},"end":{"line":974,"column":108}},{"start":{"line":974,"column":111},"end":{"line":974,"column":121}}],"line":974},"83":{"loc":{"start":{"line":979,"column":2},"end":{"line":989,"column":3}},"type":"if","locations":[{"start":{"line":979,"column":2},"end":{"line":989,"column":3}},{"start":{},"end":{}}],"line":979},"84":{"loc":{"start":{"line":986,"column":11},"end":{"line":986,"column":42}},"type":"cond-expr","locations":[{"start":{"line":986,"column":31},"end":{"line":986,"column":35}},{"start":{"line":986,"column":38},"end":{"line":986,"column":42}}],"line":986},"85":{"loc":{"start":{"line":987,"column":15},"end":{"line":987,"column":43}},"type":"cond-expr","locations":[{"start":{"line":987,"column":34},"end":{"line":987,"column":37}},{"start":{"line":987,"column":40},"end":{"line":987,"column":43}}],"line":987},"86":{"loc":{"start":{"line":991,"column":2},"end":{"line":1002,"column":3}},"type":"if","locations":[{"start":{"line":991,"column":2},"end":{"line":1002,"column":3}},{"start":{},"end":{}}],"line":991},"87":{"loc":{"start":{"line":997,"column":17},"end":{"line":997,"column":48}},"type":"cond-expr","locations":[{"start":{"line":997,"column":24},"end":{"line":997,"column":34}},{"start":{"line":997,"column":37},"end":{"line":997,"column":48}}],"line":997},"88":{"loc":{"start":{"line":998,"column":18},"end":{"line":998,"column":48}},"type":"cond-expr","locations":[{"start":{"line":998,"column":25},"end":{"line":998,"column":35}},{"start":{"line":998,"column":38},"end":{"line":998,"column":48}}],"line":998},"89":{"loc":{"start":{"line":999,"column":15},"end":{"line":999,"column":58}},"type":"cond-expr","locations":[{"start":{"line":999,"column":22},"end":{"line":999,"column":25}},{"start":{"line":999,"column":28},"end":{"line":999,"column":58}}],"line":999},"90":{"loc":{"start":{"line":1000,"column":16},"end":{"line":1000,"column":59}},"type":"cond-expr","locations":[{"start":{"line":1000,"column":23},"end":{"line":1000,"column":26}},{"start":{"line":1000,"column":29},"end":{"line":1000,"column":59}}],"line":1000},"91":{"loc":{"start":{"line":1004,"column":2},"end":{"line":1012,"column":3}},"type":"if","locations":[{"start":{"line":1004,"column":2},"end":{"line":1012,"column":3}},{"start":{},"end":{}}],"line":1004},"92":{"loc":{"start":{"line":1007,"column":17},"end":{"line":1007,"column":77}},"type":"cond-expr","locations":[{"start":{"line":1007,"column":50},"end":{"line":1007,"column":66}},{"start":{"line":1007,"column":69},"end":{"line":1007,"column":77}}],"line":1007},"93":{"loc":{"start":{"line":1008,"column":17},"end":{"line":1008,"column":74}},"type":"cond-expr","locations":[{"start":{"line":1008,"column":60},"end":{"line":1008,"column":65}},{"start":{"line":1008,"column":68},"end":{"line":1008,"column":74}}],"line":1008},"94":{"loc":{"start":{"line":1009,"column":46},"end":{"line":1009,"column":94}},"type":"cond-expr","locations":[{"start":{"line":1009,"column":79},"end":{"line":1009,"column":88}},{"start":{"line":1009,"column":91},"end":{"line":1009,"column":94}}],"line":1009},"95":{"loc":{"start":{"line":1014,"column":2},"end":{"line":1023,"column":3}},"type":"if","locations":[{"start":{"line":1014,"column":2},"end":{"line":1023,"column":3}},{"start":{},"end":{}}],"line":1014},"96":{"loc":{"start":{"line":1019,"column":12},"end":{"line":1019,"column":59}},"type":"cond-expr","locations":[{"start":{"line":1019,"column":54},"end":{"line":1019,"column":55}},{"start":{"line":1019,"column":58},"end":{"line":1019,"column":59}}],"line":1019},"97":{"loc":{"start":{"line":1025,"column":2},"end":{"line":1035,"column":3}},"type":"if","locations":[{"start":{"line":1025,"column":2},"end":{"line":1035,"column":3}},{"start":{},"end":{}}],"line":1025},"98":{"loc":{"start":{"line":1037,"column":2},"end":{"line":1047,"column":3}},"type":"if","locations":[{"start":{"line":1037,"column":2},"end":{"line":1047,"column":3}},{"start":{},"end":{}}],"line":1037},"99":{"loc":{"start":{"line":1042,"column":18},"end":{"line":1042,"column":137}},"type":"cond-expr","locations":[{"start":{"line":1042,"column":69},"end":{"line":1042,"column":80}},{"start":{"line":1042,"column":83},"end":{"line":1042,"column":137}}],"line":1042},"100":{"loc":{"start":{"line":1042,"column":83},"end":{"line":1042,"column":137}},"type":"cond-expr","locations":[{"start":{"line":1042,"column":112},"end":{"line":1042,"column":123}},{"start":{"line":1042,"column":126},"end":{"line":1042,"column":137}}],"line":1042},"101":{"loc":{"start":{"line":1043,"column":13},"end":{"line":1043,"column":117}},"type":"cond-expr","locations":[{"start":{"line":1043,"column":42},"end":{"line":1043,"column":48}},{"start":{"line":1043,"column":51},"end":{"line":1043,"column":117}}],"line":1043},"102":{"loc":{"start":{"line":1043,"column":51},"end":{"line":1043,"column":117}},"type":"cond-expr","locations":[{"start":{"line":1043,"column":105},"end":{"line":1043,"column":110}},{"start":{"line":1043,"column":113},"end":{"line":1043,"column":117}}],"line":1043},"103":{"loc":{"start":{"line":1044,"column":17},"end":{"line":1044,"column":151}},"type":"cond-expr","locations":[{"start":{"line":1044,"column":58},"end":{"line":1044,"column":61}},{"start":{"line":1044,"column":64},"end":{"line":1044,"column":151}}],"line":1044},"104":{"loc":{"start":{"line":1044,"column":64},"end":{"line":1044,"column":151}},"type":"cond-expr","locations":[{"start":{"line":1044,"column":98},"end":{"line":1044,"column":101}},{"start":{"line":1044,"column":104},"end":{"line":1044,"column":151}}],"line":1044},"105":{"loc":{"start":{"line":1044,"column":104},"end":{"line":1044,"column":151}},"type":"cond-expr","locations":[{"start":{"line":1044,"column":142},"end":{"line":1044,"column":145}},{"start":{"line":1044,"column":148},"end":{"line":1044,"column":151}}],"line":1044},"106":{"loc":{"start":{"line":1049,"column":2},"end":{"line":1058,"column":3}},"type":"if","locations":[{"start":{"line":1049,"column":2},"end":{"line":1058,"column":3}},{"start":{},"end":{}}],"line":1049},"107":{"loc":{"start":{"line":1052,"column":14},"end":{"line":1052,"column":75}},"type":"cond-expr","locations":[{"start":{"line":1052,"column":52},"end":{"line":1052,"column":61}},{"start":{"line":1052,"column":64},"end":{"line":1052,"column":75}}],"line":1052},"108":{"loc":{"start":{"line":1053,"column":18},"end":{"line":1053,"column":124}},"type":"cond-expr","locations":[{"start":{"line":1053,"column":82},"end":{"line":1053,"column":114}},{"start":{"line":1053,"column":117},"end":{"line":1053,"column":124}}],"line":1053},"109":{"loc":{"start":{"line":1054,"column":18},"end":{"line":1054,"column":164}},"type":"cond-expr","locations":[{"start":{"line":1054,"column":43},"end":{"line":1054,"column":52}},{"start":{"line":1054,"column":55},"end":{"line":1054,"column":164}}],"line":1054},"110":{"loc":{"start":{"line":1054,"column":55},"end":{"line":1054,"column":164}},"type":"cond-expr","locations":[{"start":{"line":1054,"column":139},"end":{"line":1054,"column":151}},{"start":{"line":1054,"column":154},"end":{"line":1054,"column":164}}],"line":1054},"111":{"loc":{"start":{"line":1060,"column":2},"end":{"line":1069,"column":3}},"type":"if","locations":[{"start":{"line":1060,"column":2},"end":{"line":1069,"column":3}},{"start":{},"end":{}}],"line":1060},"112":{"loc":{"start":{"line":1063,"column":18},"end":{"line":1063,"column":113}},"type":"cond-expr","locations":[{"start":{"line":1063,"column":76},"end":{"line":1063,"column":103}},{"start":{"line":1063,"column":106},"end":{"line":1063,"column":113}}],"line":1063},"113":{"loc":{"start":{"line":1067,"column":16},"end":{"line":1067,"column":113}},"type":"cond-expr","locations":[{"start":{"line":1067,"column":50},"end":{"line":1067,"column":55}},{"start":{"line":1067,"column":58},"end":{"line":1067,"column":113}}],"line":1067},"114":{"loc":{"start":{"line":1067,"column":58},"end":{"line":1067,"column":113}},"type":"cond-expr","locations":[{"start":{"line":1067,"column":88},"end":{"line":1067,"column":102}},{"start":{"line":1067,"column":105},"end":{"line":1067,"column":113}}],"line":1067},"115":{"loc":{"start":{"line":1071,"column":2},"end":{"line":1088,"column":3}},"type":"if","locations":[{"start":{"line":1071,"column":2},"end":{"line":1088,"column":3}},{"start":{},"end":{}}],"line":1071},"116":{"loc":{"start":{"line":1074,"column":14},"end":{"line":1082,"column":23}},"type":"cond-expr","locations":[{"start":{"line":1075,"column":10},"end":{"line":1075,"column":19}},{"start":{"line":1076,"column":10},"end":{"line":1082,"column":23}}],"line":1074},"117":{"loc":{"start":{"line":1076,"column":10},"end":{"line":1082,"column":23}},"type":"cond-expr","locations":[{"start":{"line":1077,"column":12},"end":{"line":1077,"column":19}},{"start":{"line":1078,"column":12},"end":{"line":1082,"column":23}}],"line":1076},"118":{"loc":{"start":{"line":1078,"column":12},"end":{"line":1082,"column":23}},"type":"cond-expr","locations":[{"start":{"line":1079,"column":14},"end":{"line":1079,"column":19}},{"start":{"line":1080,"column":14},"end":{"line":1082,"column":23}}],"line":1078},"119":{"loc":{"start":{"line":1080,"column":14},"end":{"line":1082,"column":23}},"type":"cond-expr","locations":[{"start":{"line":1081,"column":16},"end":{"line":1081,"column":26}},{"start":{"line":1082,"column":16},"end":{"line":1082,"column":23}}],"line":1080},"120":{"loc":{"start":{"line":1084,"column":19},"end":{"line":1084,"column":80}},"type":"cond-expr","locations":[{"start":{"line":1084,"column":51},"end":{"line":1084,"column":57}},{"start":{"line":1084,"column":60},"end":{"line":1084,"column":80}}],"line":1084},"121":{"loc":{"start":{"line":1085,"column":15},"end":{"line":1085,"column":116}},"type":"cond-expr","locations":[{"start":{"line":1085,"column":90},"end":{"line":1085,"column":102}},{"start":{"line":1085,"column":105},"end":{"line":1085,"column":116}}],"line":1085},"122":{"loc":{"start":{"line":1094,"column":24},"end":{"line":1094,"column":77}},"type":"binary-expr","locations":[{"start":{"line":1094,"column":24},"end":{"line":1094,"column":59}},{"start":{"line":1094,"column":63},"end":{"line":1094,"column":77}}],"line":1094},"123":{"loc":{"start":{"line":1101,"column":22},"end":{"line":1101,"column":71}},"type":"cond-expr","locations":[{"start":{"line":1101,"column":41},"end":{"line":1101,"column":64}},{"start":{"line":1101,"column":67},"end":{"line":1101,"column":71}}],"line":1101},"124":{"loc":{"start":{"line":1102,"column":24},"end":{"line":1102,"column":100}},"type":"cond-expr","locations":[{"start":{"line":1102,"column":52},"end":{"line":1102,"column":84}},{"start":{"line":1102,"column":87},"end":{"line":1102,"column":100}}],"line":1102}},"s":{"0":0,"1":0,"2":0,"3":0,"4":0,"5":0,"6":0,"7":0,"8":0,"9":0,"10":0,"11":0,"12":0,"13":0,"14":0,"15":0,"16":0,"17":0,"18":0,"19":0,"20":0,"21":0,"22":0,"23":0,"24":0,"25":0,"26":0,"27":0,"28":0,"29":0,"30":0,"31":0,"32":0,"33":0,"34":0,"35":0,"36":0,"37":0,"38":0,"39":0,"40":0,"41":0,"42":0,"43":0,"44":0,"45":0,"46":0,"47":0,"48":0,"49":0,"50":0,"51":0,"52":0,"53":0,"54":0,"55":0,"56":0,"57":0,"58":0,"59":0,"60":0,"61":0,"62":0,"63":0,"64":0,"65":0,"66":0,"67":0,"68":0,"69":0,"70":0,"71":0,"72":0,"73":0,"74":0,"75":0,"76":0,"77":0,"78":0,"79":0,"80":0,"81":0,"82":0,"83":0,"84":0,"85":0,"86":0,"87":0,"88":0,"89":0,"90":0,"91":0,"92":0,"93":0,"94":0,"95":0,"96":0,"97":0,"98":0,"99":0,"100":0,"101":0,"102":0,"103":0,"104":0,"105":0,"106":0,"107":0,"108":0,"109":0,"110":0,"111":0,"112":0,"113":0,"114":0,"115":0,"116":0,"117":0,"118":0,"119":0,"120":0,"121":0,"122":0,"123":0,"124":0,"125":0,"126":0,"127":0,"128":0,"129":0,"130":0,"131":0,"132":0,"133":0,"134":0,"135":0,"136":0,"137":0,"138":0,"139":0,"140":0,"141":0,"142":0,"143":0,"144":0,"145":0,"146":0,"147":0,"148":0,"149":0,"150":0,"151":0,"152":0,"153":0,"154":0,"155":0,"156":0,"157":0,"158":0,"159":0,"160":0,"161":0,"162":0,"163":0,"164":0,"165":0,"166":0,"167":0,"168":0,"169":0,"170":0,"171":0,"172":0,"173":0,"174":0,"175":0,"176":0,"177":0,"178":0,"179":0,"180":0,"181":0,"182":0,"183":0,"184":0,"185":0,"186":0,"187":0,"188":0,"189":0,"190":0,"191":0,"192":0,"193":0,"194":0,"195":0,"196":0,"197":0},"f":{"0":0,"1":0,"2":0,"3":0,"4":0,"5":0,"6":0,"7":0,"8":0},"b":{"0":[0,0],"1":[0],"2":[0,0],"3":[0,0],"4":[0,0],"5":[0,0],"6":[0,0],"7":[0,0],"8":[0,0],"9":[0,0],"10":[0,0],"11":[0,0],"12":[0,0],"13":[0,0],"14":[0,0],"15":[0,0],"16":[0,0],"17":[0,0],"18":[0,0],"19":[0,0],"20":[0,0],"21":[0,0],"22":[0,0],"23":[0,0],"24":[0,0],"25":[0,0],"26":[0,0],"27":[0,0],"28":[0,0],"29":[0,0],"30":[0,0],"31":[0,0],"32":[0,0],"33":[0,0],"34":[0,0],"35":[0,0],"36":[0,0],"37":[0,0],"38":[0,0],"39":[0,0],"40":[0,0],"41":[0,0],"42":[0,0],"43":[0,0],"44":[0,0],"45":[0,0],"46":[0,0],"47":[0,0],"48":[0,0],"49":[0,0],"50":[0,0],"51":[0,0],"52":[0,0],"53":[0,0],"54":[0,0],"55":[0,0],"56":[0,0],"57":[0,0],"58":[0,0],"59":[0,0],"60":[0,0],"61":[0,0],"62":[0,0],"63":[0,0],"64":[0,0],"65":[0,0],"66":[0,0],"67":[0,0],"68":[0,0],"69":[0,0],"70":[0,0],"71":[0,0],"72":[0,0],"73":[0,0],"74":[0,0],"75":[0,0],"76":[0,0],"77":[0,0],"78":[0,0],"79":[0,0],"80":[0,0],"81":[0,0],"82":[0,0],"83":[0,0],"84":[0,0],"85":[0,0],"86":[0,0],"87":[0,0],"88":[0,0],"89":[0,0],"90":[0,0],"91":[0,0],"92":[0,0],"93":[0,0],"94":[0,0],"95":[0,0],"96":[0,0],"97":[0,0],"98":[0,0],"99":[0,0],"100":[0,0],"101":[0,0],"102":[0,0],"103":[0,0],"104":[0,0],"105":[0,0],"106":[0,0],"107":[0,0],"108":[0,0],"109":[0,0],"110":[0,0],"111":[0,0],"112":[0,0],"113":[0,0],"114":[0,0],"115":[0,0],"116":[0,0],"117":[0,0],"118":[0,0],"119":[0,0],"120":[0,0],"121":[0,0],"122":[0,0],"123":[0,0],"124":[0,0]}}
}
