TN:
SF:src\backend\check_all_delims.js
FNF:0
FNH:0
DA:1,0
DA:2,0
DA:3,0
DA:4,0
DA:5,0
DA:6,0
DA:7,0
DA:8,0
DA:9,0
DA:10,0
DA:11,0
DA:12,0
DA:13,0
DA:14,0
DA:15,0
DA:16,0
DA:17,0
DA:18,0
DA:19,0
DA:20,0
DA:21,0
DA:23,0
DA:24,0
DA:30,0
LF:24
LH:0
BRDA:15,0,0,0
BRDA:15,0,1,0
BRDA:16,1,0,0
BRDA:16,1,1,0
BRDA:17,2,0,0
BRDA:17,2,1,0
BRDA:18,3,0,0
BRDA:18,3,1,0
BRDA:19,4,0,0
BRDA:19,4,1,0
BRDA:20,5,0,0
BRDA:20,5,1,0
BRDA:21,6,0,0
BRDA:21,6,1,0
BRDA:23,7,0,0
BRDA:23,7,1,0
BRDA:23,8,0,0
BRDA:23,8,1,0
BRDA:23,8,2,0
BRDA:23,8,3,0
BRF:20
BRH:0
end_of_record
TN:
SF:src\backend\check_delims.js
FNF:0
FNH:0
DA:1,0
DA:2,0
DA:3,0
DA:4,0
DA:5,0
DA:6,0
DA:7,0
DA:8,0
DA:9,0
DA:10,0
DA:11,0
DA:12,0
DA:13,0
DA:14,0
DA:15,0
DA:16,0
DA:17,0
DA:19,0
DA:20,0
DA:26,0
LF:20
LH:0
BRDA:11,0,0,0
BRDA:11,0,1,0
BRDA:12,1,0,0
BRDA:12,1,1,0
BRDA:13,2,0,0
BRDA:13,2,1,0
BRDA:14,3,0,0
BRDA:14,3,1,0
BRDA:15,4,0,0
BRDA:15,4,1,0
BRDA:16,5,0,0
BRDA:16,5,1,0
BRDA:17,6,0,0
BRDA:17,6,1,0
BRDA:19,7,0,0
BRDA:19,7,1,0
BRDA:19,8,0,0
BRDA:19,8,1,0
BRF:18
BRH:0
end_of_record
TN:
SF:src\backend\check_queries.js
FNF:0
FNH:0
DA:1,0
DA:2,0
DA:3,0
DA:4,0
DA:5,0
DA:6,0
DA:7,0
DA:8,0
DA:9,0
DA:10,0
DA:13,0
DA:14,0
LF:12
LH:0
BRDA:5,0,0,0
BRDA:5,0,1,0
BRDA:8,1,0,0
BRDA:8,1,1,0
BRDA:13,2,0,0
BRDA:13,2,1,0
BRF:6
BRH:0
end_of_record
TN:
SF:src\backend\express.cjs
FN:24,quoteIdentifier
FN:28,ensureUserProfileColumns
FN:39,ensureOrdersTable
FN:41,(anonymous_3)
FN:92,ensureCommentsTable
FN:94,(anonymous_5)
FN:123,ensureBuildsTable
FN:125,(anonymous_7)
FN:150,normalizeOrderItems
FN:156,(anonymous_9)
FN:177,(anonymous_10)
FN:183,(anonymous_11)
FN:224,(anonymous_12)
FN:274,(anonymous_13)
FN:286,(anonymous_14)
FN:338,(anonymous_15)
FN:373,(anonymous_16)
FN:398,(anonymous_17)
FN:424,(anonymous_18)
FN:450,(anonymous_19)
FN:478,(anonymous_20)
FN:539,(anonymous_21)
FN:570,(anonymous_22)
FN:643,(anonymous_23)
FN:705,(anonymous_24)
FN:725,(anonymous_25)
FN:775,(anonymous_26)
FN:817,(anonymous_27)
FN:834,(anonymous_28)
FN:891,(anonymous_29)
FN:915,(anonymous_30)
FN:933,(anonymous_31)
FN:962,(anonymous_32)
FN:995,(anonymous_33)
FN:1013,(anonymous_34)
FN:1042,(anonymous_35)
FN:1065,(anonymous_36)
FN:1070,(anonymous_37)
FNF:38
FNH:0
FNDA:0,quoteIdentifier
FNDA:0,ensureUserProfileColumns
FNDA:0,ensureOrdersTable
FNDA:0,(anonymous_3)
FNDA:0,ensureCommentsTable
FNDA:0,(anonymous_5)
FNDA:0,ensureBuildsTable
FNDA:0,(anonymous_7)
FNDA:0,normalizeOrderItems
FNDA:0,(anonymous_9)
FNDA:0,(anonymous_10)
FNDA:0,(anonymous_11)
FNDA:0,(anonymous_12)
FNDA:0,(anonymous_13)
FNDA:0,(anonymous_14)
FNDA:0,(anonymous_15)
FNDA:0,(anonymous_16)
FNDA:0,(anonymous_17)
FNDA:0,(anonymous_18)
FNDA:0,(anonymous_19)
FNDA:0,(anonymous_20)
FNDA:0,(anonymous_21)
FNDA:0,(anonymous_22)
FNDA:0,(anonymous_23)
FNDA:0,(anonymous_24)
FNDA:0,(anonymous_25)
FNDA:0,(anonymous_26)
FNDA:0,(anonymous_27)
FNDA:0,(anonymous_28)
FNDA:0,(anonymous_29)
FNDA:0,(anonymous_30)
FNDA:0,(anonymous_31)
FNDA:0,(anonymous_32)
FNDA:0,(anonymous_33)
FNDA:0,(anonymous_34)
FNDA:0,(anonymous_35)
FNDA:0,(anonymous_36)
FNDA:0,(anonymous_37)
DA:1,0
DA:2,0
DA:3,0
DA:4,0
DA:5,0
DA:6,0
DA:10,0
DA:11,0
DA:13,0
DA:14,0
DA:20,0
DA:21,0
DA:22,0
DA:25,0
DA:29,0
DA:40,0
DA:41,0
DA:42,0
DA:61,0
DA:66,0
DA:71,0
DA:74,0
DA:77,0
DA:80,0
DA:83,0
DA:89,0
DA:93,0
DA:94,0
DA:95,0
DA:105,0
DA:108,0
DA:111,0
DA:114,0
DA:120,0
DA:124,0
DA:125,0
DA:126,0
DA:140,0
DA:147,0
DA:151,0
DA:152,0
DA:155,0
DA:157,0
DA:158,0
DA:160,0
DA:177,0
DA:180,0
DA:181,0
DA:183,0
DA:184,0
DA:186,0
DA:187,0
DA:189,0
DA:190,0
DA:195,0
DA:200,0
DA:201,0
DA:206,0
DA:207,0
DA:211,0
DA:213,0
DA:214,0
DA:219,0
DA:220,0
DA:224,0
DA:225,0
DA:227,0
DA:228,0
DA:230,0
DA:231,0
DA:236,0
DA:241,0
DA:242,0
DA:247,0
DA:248,0
DA:250,0
DA:251,0
DA:256,0
DA:269,0
DA:270,0
DA:274,0
DA:275,0
DA:276,0
DA:279,0
DA:281,0
DA:282,0
DA:286,0
DA:287,0
DA:289,0
DA:290,0
DA:291,0
DA:293,0
DA:294,0
DA:299,0
DA:304,0
DA:305,0
DA:310,0
DA:311,0
DA:322,0
DA:327,0
DA:328,0
DA:333,0
DA:334,0
DA:338,0
DA:339,0
DA:341,0
DA:343,0
DA:345,0
DA:347,0
DA:349,0
DA:351,0
DA:352,0
DA:354,0
DA:366,0
DA:368,0
DA:369,0
DA:373,0
DA:374,0
DA:376,0
DA:377,0
DA:380,0
DA:381,0
DA:386,0
DA:391,0
DA:393,0
DA:394,0
DA:398,0
DA:399,0
DA:401,0
DA:402,0
DA:405,0
DA:406,0
DA:408,0
DA:413,0
DA:414,0
DA:417,0
DA:419,0
DA:420,0
DA:424,0
DA:425,0
DA:427,0
DA:428,0
DA:433,0
DA:434,0
DA:439,0
DA:440,0
DA:443,0
DA:445,0
DA:446,0
DA:450,0
DA:451,0
DA:453,0
DA:454,0
DA:459,0
DA:460,0
DA:462,0
DA:467,0
DA:468,0
DA:471,0
DA:473,0
DA:474,0
DA:478,0
DA:479,0
DA:481,0
DA:483,0
DA:484,0
DA:489,0
DA:493,0
DA:494,0
DA:497,0
DA:498,0
DA:500,0
DA:525,0
DA:526,0
DA:529,0
DA:534,0
DA:535,0
DA:539,0
DA:540,0
DA:542,0
DA:543,0
DA:548,0
DA:549,0
DA:551,0
DA:561,0
DA:563,0
DA:564,0
DA:570,0
DA:582,0
DA:584,0
DA:588,0
DA:593,0
DA:594,0
DA:597,0
DA:598,0
DA:599,0
DA:600,0
DA:601,0
DA:609,0
DA:611,0
DA:615,0
DA:620,0
DA:621,0
DA:626,0
DA:627,0
DA:628,0
DA:632,0
DA:633,0
DA:636,0
DA:637,0
DA:641,0
DA:644,0
DA:650,0
DA:655,0
DA:656,0
DA:658,0
DA:695,0
DA:700,0
DA:701,0
DA:705,0
DA:706,0
DA:707,0
DA:709,0
DA:718,0
DA:720,0
DA:721,0
DA:725,0
DA:726,0
DA:728,0
DA:731,0
DA:732,0
DA:733,0
DA:735,0
DA:739,0
DA:744,0
DA:745,0
DA:748,0
DA:749,0
DA:751,0
DA:765,0
DA:770,0
DA:771,0
DA:775,0
DA:776,0
DA:777,0
DA:778,0
DA:780,0
DA:781,0
DA:784,0
DA:785,0
DA:787,0
DA:792,0
DA:793,0
DA:796,0
DA:797,0
DA:799,0
DA:800,0
DA:805,0
DA:810,0
DA:812,0
DA:813,0
DA:817,0
DA:818,0
DA:819,0
DA:827,0
DA:829,0
DA:830,0
DA:834,0
DA:835,0
DA:837,0
DA:845,0
DA:850,0
DA:851,0
DA:854,0
DA:858,0
DA:881,0
DA:886,0
DA:887,0
DA:891,0
DA:892,0
DA:894,0
DA:895,0
DA:898,0
DA:899,0
DA:904,0
DA:905,0
DA:908,0
DA:910,0
DA:911,0
DA:915,0
DA:916,0
DA:917,0
DA:926,0
DA:928,0
DA:929,0
DA:933,0
DA:934,0
DA:936,0
DA:937,0
DA:940,0
DA:941,0
DA:951,0
DA:952,0
DA:955,0
DA:957,0
DA:958,0
DA:962,0
DA:963,0
DA:965,0
DA:966,0
DA:967,0
DA:969,0
DA:970,0
DA:971,0
DA:974,0
DA:977,0
DA:987,0
DA:989,0
DA:990,0
DA:995,0
DA:996,0
DA:997,0
DA:1005,0
DA:1007,0
DA:1008,0
DA:1013,0
DA:1014,0
DA:1016,0
DA:1017,0
DA:1020,0
DA:1021,0
DA:1031,0
DA:1032,0
DA:1035,0
DA:1037,0
DA:1038,0
DA:1042,0
DA:1043,0
DA:1044,0
DA:1046,0
DA:1047,0
DA:1058,0
DA:1060,0
DA:1061,0
DA:1065,0
DA:1066,0
DA:1067,0
DA:1070,0
DA:1071,0
DA:1072,0
DA:1073,0
DA:1074,0
DA:1075,0
DA:1078,0
LF:354
LH:0
BRDA:40,0,0,0
BRDA:40,0,1,0
BRDA:93,1,0,0
BRDA:93,1,1,0
BRDA:124,2,0,0
BRDA:124,2,1,0
BRDA:151,3,0,0
BRDA:151,3,1,0
BRDA:157,4,0,0
BRDA:157,4,1,0
BRDA:158,5,0,0
BRDA:158,5,1,0
BRDA:161,6,0,0
BRDA:161,6,1,0
BRDA:163,7,0,0
BRDA:163,7,1,0
BRDA:163,8,0,0
BRDA:163,8,1,0
BRDA:163,8,2,0
BRDA:166,9,0,0
BRDA:166,9,1,0
BRDA:166,10,0,0
BRDA:166,10,1,0
BRDA:170,11,0,0
BRDA:170,11,1,0
BRDA:170,12,0,0
BRDA:170,12,1,0
BRDA:171,13,0,0
BRDA:171,13,1,0
BRDA:172,14,0,0
BRDA:172,14,1,0
BRDA:173,15,0,0
BRDA:173,15,1,0
BRDA:174,16,0,0
BRDA:174,16,1,0
BRDA:177,17,0,0
BRDA:177,17,1,0
BRDA:187,18,0,0
BRDA:187,18,1,0
BRDA:189,19,0,0
BRDA:189,19,1,0
BRDA:189,20,0,0
BRDA:189,20,1,0
BRDA:189,20,2,0
BRDA:200,21,0,0
BRDA:200,21,1,0
BRDA:213,22,0,0
BRDA:213,22,1,0
BRDA:228,23,0,0
BRDA:228,23,1,0
BRDA:230,24,0,0
BRDA:230,24,1,0
BRDA:230,25,0,0
BRDA:230,25,1,0
BRDA:241,26,0,0
BRDA:241,26,1,0
BRDA:250,27,0,0
BRDA:250,27,1,0
BRDA:290,28,0,0
BRDA:290,28,1,0
BRDA:291,29,0,0
BRDA:291,29,1,0
BRDA:293,30,0,0
BRDA:293,30,1,0
BRDA:293,31,0,0
BRDA:293,31,1,0
BRDA:293,31,2,0
BRDA:304,32,0,0
BRDA:304,32,1,0
BRDA:327,33,0,0
BRDA:327,33,1,0
BRDA:345,34,0,0
BRDA:345,34,1,0
BRDA:347,35,0,0
BRDA:347,35,1,0
BRDA:347,36,0,0
BRDA:347,36,1,0
BRDA:349,37,0,0
BRDA:349,37,1,0
BRDA:349,38,0,0
BRDA:349,38,1,0
BRDA:351,39,0,0
BRDA:351,39,1,0
BRDA:351,40,0,0
BRDA:351,40,1,0
BRDA:352,41,0,0
BRDA:352,41,1,0
BRDA:357,42,0,0
BRDA:357,42,1,0
BRDA:374,43,0,0
BRDA:374,43,1,0
BRDA:380,44,0,0
BRDA:380,44,1,0
BRDA:380,45,0,0
BRDA:380,45,1,0
BRDA:380,45,2,0
BRDA:401,46,0,0
BRDA:401,46,1,0
BRDA:401,47,0,0
BRDA:401,47,1,0
BRDA:413,48,0,0
BRDA:413,48,1,0
BRDA:427,49,0,0
BRDA:427,49,1,0
BRDA:427,50,0,0
BRDA:427,50,1,0
BRDA:439,51,0,0
BRDA:439,51,1,0
BRDA:453,52,0,0
BRDA:453,52,1,0
BRDA:453,53,0,0
BRDA:453,53,1,0
BRDA:467,54,0,0
BRDA:467,54,1,0
BRDA:483,55,0,0
BRDA:483,55,1,0
BRDA:483,56,0,0
BRDA:483,56,1,0
BRDA:489,57,0,0
BRDA:489,57,1,0
BRDA:493,58,0,0
BRDA:493,58,1,0
BRDA:514,59,0,0
BRDA:514,59,1,0
BRDA:515,60,0,0
BRDA:515,60,1,0
BRDA:516,61,0,0
BRDA:516,61,1,0
BRDA:516,62,0,0
BRDA:516,62,1,0
BRDA:516,62,2,0
BRDA:519,63,0,0
BRDA:519,63,1,0
BRDA:520,64,0,0
BRDA:520,64,1,0
BRDA:525,65,0,0
BRDA:525,65,1,0
BRDA:542,66,0,0
BRDA:542,66,1,0
BRDA:542,67,0,0
BRDA:542,67,1,0
BRDA:584,68,0,0
BRDA:584,68,1,0
BRDA:584,69,0,0
BRDA:584,69,1,0
BRDA:584,69,2,0
BRDA:588,70,0,0
BRDA:588,70,1,0
BRDA:588,71,0,0
BRDA:588,71,1,0
BRDA:593,72,0,0
BRDA:593,72,1,0
BRDA:594,73,0,0
BRDA:594,73,1,0
BRDA:597,74,0,0
BRDA:597,74,1,0
BRDA:598,75,0,0
BRDA:598,75,1,0
BRDA:599,76,0,0
BRDA:599,76,1,0
BRDA:600,77,0,0
BRDA:600,77,1,0
BRDA:602,78,0,0
BRDA:602,78,1,0
BRDA:603,79,0,0
BRDA:603,79,1,0
BRDA:611,80,0,0
BRDA:611,80,1,0
BRDA:612,81,0,0
BRDA:612,81,1,0
BRDA:612,81,2,0
BRDA:620,82,0,0
BRDA:620,82,1,0
BRDA:620,83,0,0
BRDA:620,83,1,0
BRDA:626,84,0,0
BRDA:626,84,1,0
BRDA:627,85,0,0
BRDA:627,85,1,0
BRDA:627,86,0,0
BRDA:627,86,1,0
BRDA:632,87,0,0
BRDA:632,87,1,0
BRDA:636,88,0,0
BRDA:636,88,1,0
BRDA:636,89,0,0
BRDA:636,89,1,0
BRDA:641,90,0,0
BRDA:641,90,1,0
BRDA:644,91,0,0
BRDA:644,91,1,0
BRDA:644,92,0,0
BRDA:644,92,1,0
BRDA:650,93,0,0
BRDA:650,93,1,0
BRDA:650,94,0,0
BRDA:650,94,1,0
BRDA:681,95,0,0
BRDA:681,95,1,0
BRDA:683,96,0,0
BRDA:683,96,1,0
BRDA:684,97,0,0
BRDA:684,97,1,0
BRDA:685,98,0,0
BRDA:685,98,1,0
BRDA:688,99,0,0
BRDA:688,99,1,0
BRDA:728,100,0,0
BRDA:728,100,1,0
BRDA:728,101,0,0
BRDA:728,101,1,0
BRDA:728,101,2,0
BRDA:731,102,0,0
BRDA:731,102,1,0
BRDA:732,103,0,0
BRDA:732,103,1,0
BRDA:733,104,0,0
BRDA:733,104,1,0
BRDA:735,105,0,0
BRDA:735,105,1,0
BRDA:736,106,0,0
BRDA:736,106,1,0
BRDA:736,106,2,0
BRDA:744,107,0,0
BRDA:744,107,1,0
BRDA:744,108,0,0
BRDA:744,108,1,0
BRDA:759,109,0,0
BRDA:759,109,1,0
BRDA:777,110,0,0
BRDA:777,110,1,0
BRDA:780,111,0,0
BRDA:780,111,1,0
BRDA:780,112,0,0
BRDA:780,112,1,0
BRDA:792,113,0,0
BRDA:792,113,1,0
BRDA:797,114,0,0
BRDA:797,114,1,0
BRDA:799,115,0,0
BRDA:799,115,1,0
BRDA:799,116,0,0
BRDA:799,116,1,0
BRDA:837,117,0,0
BRDA:837,117,1,0
BRDA:838,118,0,0
BRDA:838,118,1,0
BRDA:838,118,2,0
BRDA:838,118,3,0
BRDA:838,118,4,0
BRDA:838,118,5,0
BRDA:855,119,0,0
BRDA:855,119,1,0
BRDA:877,120,0,0
BRDA:877,120,1,0
BRDA:894,121,0,0
BRDA:894,121,1,0
BRDA:894,122,0,0
BRDA:894,122,1,0
BRDA:904,123,0,0
BRDA:904,123,1,0
BRDA:936,124,0,0
BRDA:936,124,1,0
BRDA:936,125,0,0
BRDA:936,125,1,0
BRDA:951,126,0,0
BRDA:951,126,1,0
BRDA:963,127,0,0
BRDA:963,127,1,0
BRDA:969,128,0,0
BRDA:969,128,1,0
BRDA:974,129,0,0
BRDA:974,129,1,0
BRDA:1016,130,0,0
BRDA:1016,130,1,0
BRDA:1016,131,0,0
BRDA:1016,131,1,0
BRDA:1031,132,0,0
BRDA:1031,132,1,0
BRDA:1044,133,0,0
BRDA:1044,133,1,0
BRF:281
BRH:0
end_of_record
TN:
SF:src\backend\find_unmatched.js
FNF:0
FNH:0
DA:1,0
DA:2,0
DA:3,0
DA:4,0
DA:5,0
DA:6,0
DA:7,0
DA:8,0
DA:9,0
DA:10,0
DA:11,0
DA:12,0
DA:13,0
DA:14,0
DA:16,0
DA:17,0
DA:18,0
DA:19,0
DA:20,0
DA:21,0
DA:25,0
DA:26,0
DA:32,0
DA:33,0
LF:24
LH:0
BRDA:10,0,0,0
BRDA:10,0,1,0
BRDA:11,1,0,0
BRDA:11,1,1,0
BRDA:12,2,0,0
BRDA:12,2,1,0
BRDA:16,3,0,0
BRDA:16,3,1,0
BRDA:18,4,0,0
BRDA:18,4,1,0
BRDA:19,5,0,0
BRDA:19,5,1,0
BRDA:25,6,0,0
BRDA:25,6,1,0
BRDA:32,7,0,0
BRDA:32,7,1,0
BRF:16
BRH:0
end_of_record
TN:
SF:src\backend\linkImagesToNeon_Version2.cjs
FN:22,norm
FN:29,buildUrl
FN:33,main
FN:94,(anonymous_3)
FNF:4
FNH:0
FNDA:0,norm
FNDA:0,buildUrl
FNDA:0,main
FNDA:0,(anonymous_3)
DA:1,0
DA:2,0
DA:3,0
DA:4,0
DA:13,0
DA:15,0
DA:16,0
DA:19,0
DA:23,0
DA:30,0
DA:34,0
DA:35,0
DA:39,0
DA:40,0
DA:41,0
DA:42,0
DA:44,0
DA:47,0
DA:48,0
DA:51,0
DA:60,0
DA:62,0
DA:63,0
DA:65,0
DA:66,0
DA:67,0
DA:69,0
DA:70,0
DA:71,0
DA:74,0
DA:76,0
DA:78,0
DA:79,0
DA:88,0
DA:90,0
DA:91,0
DA:94,0
DA:95,0
DA:96,0
LF:39
LH:0
BRDA:9,0,0,0
BRDA:10,1,0,0
BRDA:11,2,0,0
BRDA:15,3,0,0
BRDA:15,3,1,0
BRDA:16,4,0,0
BRDA:16,4,1,0
BRDA:20,5,0,0
BRDA:20,5,1,0
BRDA:23,6,0,0
BRDA:23,6,1,0
BRDA:44,7,0,0
BRDA:44,7,1,0
BRDA:69,8,0,0
BRDA:69,8,1,0
BRDA:78,9,0,0
BRDA:78,9,1,0
BRDA:91,10,0,0
BRDA:91,10,1,0
BRF:19
BRH:0
end_of_record
TN:
SF:src\backend\run-prebuilt-img-url-migration.cjs
FN:12,main
FN:28,(anonymous_1)
FNF:2
FNH:0
FNDA:0,main
FNDA:0,(anonymous_1)
DA:1,0
DA:2,0
DA:3,0
DA:4,0
DA:6,0
DA:8,0
DA:9,0
DA:13,0
DA:14,0
DA:16,0
DA:17,0
DA:18,0
DA:20,0
DA:21,0
DA:23,0
DA:25,0
DA:26,0
DA:28,0
DA:32,0
DA:33,0
LF:20
LH:0
BRDA:8,0,0,0
BRDA:8,0,1,0
BRDA:32,1,0,0
BRDA:32,1,1,0
BRF:4
BRH:0
end_of_record
TN:
SF:src\backend\seed-pc-components.cjs
FN:93,loadCatalog
FN:103,chunk
FN:113,hashText
FN:123,pickFeaturedRows
FN:124,(anonymous_4)
FN:127,(anonymous_5)
FN:128,(anonymous_6)
FN:129,(anonymous_7)
FN:131,(anonymous_8)
FN:134,normalizeSpecifications
FN:206,buildInsertQuery
FN:211,(anonymous_11)
FN:221,(anonymous_12)
FN:243,(anonymous_13)
FN:258,main
FN:430,(anonymous_15)
FN:431,(anonymous_16)
FN:432,(anonymous_17)
FN:446,(anonymous_18)
FN:448,(anonymous_19)
FN:450,(anonymous_20)
FN:476,(anonymous_21)
FN:480,(anonymous_22)
FNF:23
FNH:0
FNDA:0,loadCatalog
FNDA:0,chunk
FNDA:0,hashText
FNDA:0,pickFeaturedRows
FNDA:0,(anonymous_4)
FNDA:0,(anonymous_5)
FNDA:0,(anonymous_6)
FNDA:0,(anonymous_7)
FNDA:0,(anonymous_8)
FNDA:0,normalizeSpecifications
FNDA:0,buildInsertQuery
FNDA:0,(anonymous_11)
FNDA:0,(anonymous_12)
FNDA:0,(anonymous_13)
FNDA:0,main
FNDA:0,(anonymous_15)
FNDA:0,(anonymous_16)
FNDA:0,(anonymous_17)
FNDA:0,(anonymous_18)
FNDA:0,(anonymous_19)
FNDA:0,(anonymous_20)
FNDA:0,(anonymous_21)
FNDA:0,(anonymous_22)
DA:1,0
DA:2,0
DA:3,0
DA:4,0
DA:6,0
DA:10,0
DA:78,0
DA:79,0
DA:94,0
DA:95,0
DA:97,0
DA:104,0
DA:106,0
DA:107,0
DA:110,0
DA:114,0
DA:116,0
DA:117,0
DA:120,0
DA:124,0
DA:126,0
DA:127,0
DA:128,0
DA:129,0
DA:131,0
DA:135,0
DA:137,0
DA:207,0
DA:208,0
DA:209,0
DA:210,0
DA:212,0
DA:213,0
DA:215,0
DA:216,0
DA:219,0
DA:220,0
DA:222,0
DA:223,0
DA:224,0
DA:227,0
DA:231,0
DA:232,0
DA:236,0
DA:243,0
DA:247,0
DA:259,0
DA:261,0
DA:262,0
DA:265,0
DA:267,0
DA:268,0
DA:270,0
DA:272,0
DA:354,0
DA:355,0
DA:356,0
DA:357,0
DA:358,0
DA:359,0
DA:428,0
DA:430,0
DA:431,0
DA:432,0
DA:434,0
DA:445,0
DA:446,0
DA:448,0
DA:449,0
DA:450,0
DA:452,0
DA:453,0
DA:456,0
DA:459,0
DA:460,0
DA:461,0
DA:464,0
DA:466,0
DA:468,0
DA:469,0
DA:471,0
DA:475,0
DA:477,0
DA:478,0
DA:481,0
LF:85
LH:0
BRDA:135,0,0,0
BRDA:135,0,1,0
BRDA:138,1,0,0
BRDA:138,1,1,0
BRDA:139,2,0,0
BRDA:139,2,1,0
BRDA:140,3,0,0
BRDA:140,3,1,0
BRDA:141,4,0,0
BRDA:141,4,1,0
BRDA:142,5,0,0
BRDA:142,5,1,0
BRDA:143,6,0,0
BRDA:143,6,1,0
BRDA:144,7,0,0
BRDA:144,7,1,0
BRDA:145,8,0,0
BRDA:145,8,1,0
BRDA:146,9,0,0
BRDA:146,9,1,0
BRDA:147,10,0,0
BRDA:147,10,1,0
BRDA:148,11,0,0
BRDA:148,11,1,0
BRDA:149,12,0,0
BRDA:149,12,1,0
BRDA:150,13,0,0
BRDA:150,13,1,0
BRDA:151,14,0,0
BRDA:151,14,1,0
BRDA:152,15,0,0
BRDA:152,15,1,0
BRDA:153,16,0,0
BRDA:153,16,1,0
BRDA:154,17,0,0
BRDA:154,17,1,0
BRDA:155,18,0,0
BRDA:155,18,1,0
BRDA:156,19,0,0
BRDA:156,19,1,0
BRDA:157,20,0,0
BRDA:157,20,1,0
BRDA:158,21,0,0
BRDA:158,21,1,0
BRDA:159,22,0,0
BRDA:159,22,1,0
BRDA:160,23,0,0
BRDA:160,23,1,0
BRDA:161,24,0,0
BRDA:161,24,1,0
BRDA:162,25,0,0
BRDA:162,25,1,0
BRDA:163,26,0,0
BRDA:163,26,1,0
BRDA:164,27,0,0
BRDA:164,27,1,0
BRDA:165,28,0,0
BRDA:165,28,1,0
BRDA:166,29,0,0
BRDA:166,29,1,0
BRDA:167,30,0,0
BRDA:167,30,1,0
BRDA:168,31,0,0
BRDA:168,31,1,0
BRDA:169,32,0,0
BRDA:169,32,1,0
BRDA:170,33,0,0
BRDA:170,33,1,0
BRDA:171,34,0,0
BRDA:171,34,1,0
BRDA:172,35,0,0
BRDA:172,35,1,0
BRDA:173,36,0,0
BRDA:173,36,1,0
BRDA:174,37,0,0
BRDA:174,37,1,0
BRDA:175,38,0,0
BRDA:175,38,1,0
BRDA:176,39,0,0
BRDA:176,39,1,0
BRDA:177,40,0,0
BRDA:177,40,1,0
BRDA:178,41,0,0
BRDA:178,41,1,0
BRDA:179,42,0,0
BRDA:179,42,1,0
BRDA:180,43,0,0
BRDA:180,43,1,0
BRDA:181,44,0,0
BRDA:181,44,1,0
BRDA:182,45,0,0
BRDA:182,45,1,0
BRDA:183,46,0,0
BRDA:183,46,1,0
BRDA:184,47,0,0
BRDA:184,47,1,0
BRDA:185,48,0,0
BRDA:185,48,1,0
BRDA:186,49,0,0
BRDA:186,49,1,0
BRDA:187,50,0,0
BRDA:187,50,1,0
BRDA:188,51,0,0
BRDA:188,51,1,0
BRDA:189,52,0,0
BRDA:189,52,1,0
BRDA:190,53,0,0
BRDA:190,53,1,0
BRDA:191,54,0,0
BRDA:191,54,1,0
BRDA:192,55,0,0
BRDA:192,55,1,0
BRDA:193,56,0,0
BRDA:193,56,1,0
BRDA:194,57,0,0
BRDA:194,57,1,0
BRDA:195,58,0,0
BRDA:195,58,1,0
BRDA:196,59,0,0
BRDA:196,59,1,0
BRDA:197,60,0,0
BRDA:197,60,1,0
BRDA:198,61,0,0
BRDA:198,61,1,0
BRDA:199,62,0,0
BRDA:199,62,1,0
BRDA:200,63,0,0
BRDA:200,63,1,0
BRDA:201,64,0,0
BRDA:201,64,1,0
BRDA:202,65,0,0
BRDA:202,65,1,0
BRDA:211,66,0,0
BRDA:211,67,0,0
BRDA:223,68,0,0
BRDA:223,68,1,0
BRDA:261,69,0,0
BRDA:261,69,1,0
BRDA:438,70,0,0
BRDA:438,70,1,0
BRDA:440,71,0,0
BRDA:440,71,1,0
BRDA:450,72,0,0
BRDA:450,72,1,0
BRDA:452,73,0,0
BRDA:452,73,1,0
BRF:146
BRH:0
end_of_record
TN:
SF:src\backend\seed-prebuilts.cjs
FN:62,main
FNF:1
FNH:0
FNDA:0,main
DA:1,0
DA:2,0
DA:4,0
DA:6,0
DA:63,0
DA:64,0
DA:65,0
DA:79,0
DA:91,0
DA:92,0
DA:99,0
DA:102,0
DA:104,0
DA:105,0
DA:107,0
DA:111,0
DA:112,0
LF:17
LH:0
BRDA:111,0,0,0
BRDA:111,0,1,0
BRF:2
BRH:0
end_of_record
TN:
SF:src\backend\seedImages_Version2.cjs
FN:27,(anonymous_0)
FN:27,(anonymous_1)
FN:29,queryForRow
FN:36,serpGoogleImages
FN:49,pickImageUrl
FN:58,download
FN:67,extFromContentType
FN:74,uploadToSupabase
FN:89,main
FN:140,(anonymous_9)
FNF:10
FNH:0
FNDA:0,(anonymous_0)
FNDA:0,(anonymous_1)
FNDA:0,queryForRow
FNDA:0,serpGoogleImages
FNDA:0,pickImageUrl
FNDA:0,download
FNDA:0,extFromContentType
FNDA:0,uploadToSupabase
FNDA:0,main
FNDA:0,(anonymous_9)
DA:1,0
DA:2,0
DA:3,0
DA:4,0
DA:5,0
DA:16,0
DA:18,0
DA:19,0
DA:20,0
DA:21,0
DA:23,0
DA:27,0
DA:31,0
DA:32,0
DA:33,0
DA:37,0
DA:38,0
DA:39,0
DA:40,0
DA:41,0
DA:42,0
DA:44,0
DA:45,0
DA:46,0
DA:50,0
DA:51,0
DA:53,0
DA:54,0
DA:55,0
DA:59,0
DA:60,0
DA:61,0
DA:62,0
DA:63,0
DA:64,0
DA:68,0
DA:69,0
DA:70,0
DA:71,0
DA:75,0
DA:76,0
DA:78,0
DA:82,0
DA:84,0
DA:85,0
DA:86,0
DA:90,0
DA:91,0
DA:93,0
DA:94,0
DA:96,0
DA:98,0
DA:99,0
DA:101,0
DA:102,0
DA:103,0
DA:104,0
DA:106,0
DA:107,0
DA:109,0
DA:110,0
DA:111,0
DA:112,0
DA:115,0
DA:116,0
DA:117,0
DA:119,0
DA:120,0
DA:122,0
DA:127,0
DA:128,0
DA:130,0
DA:131,0
DA:132,0
DA:136,0
DA:137,0
DA:140,0
DA:141,0
DA:142,0
LF:79
LH:0
BRDA:10,0,0,0
BRDA:12,1,0,0
BRDA:18,2,0,0
BRDA:18,2,1,0
BRDA:19,3,0,0
BRDA:19,3,1,0
BRDA:20,4,0,0
BRDA:20,4,1,0
BRDA:21,5,0,0
BRDA:21,5,1,0
BRDA:31,6,0,0
BRDA:31,6,1,0
BRDA:31,6,2,0
BRDA:32,7,0,0
BRDA:32,7,1,0
BRDA:33,8,0,0
BRDA:33,8,1,0
BRDA:45,9,0,0
BRDA:45,9,1,0
BRDA:50,10,0,0
BRDA:50,10,1,0
BRDA:51,11,0,0
BRDA:51,11,1,0
BRDA:53,12,0,0
BRDA:53,12,1,0
BRDA:54,13,0,0
BRDA:54,13,1,0
BRDA:60,14,0,0
BRDA:60,14,1,0
BRDA:61,15,0,0
BRDA:61,15,1,0
BRDA:63,16,0,0
BRDA:63,16,1,0
BRDA:69,17,0,0
BRDA:69,17,1,0
BRDA:70,18,0,0
BRDA:70,18,1,0
BRDA:82,19,0,0
BRDA:82,19,1,0
BRDA:85,20,0,0
BRDA:85,20,1,0
BRDA:96,21,0,0
BRDA:96,21,1,0
BRDA:107,22,0,0
BRDA:107,22,1,0
BRDA:107,23,0,0
BRDA:107,23,1,0
BRDA:109,24,0,0
BRDA:109,24,1,0
BRDA:112,25,0,0
BRDA:112,25,1,0
BRDA:112,26,0,0
BRDA:112,26,1,0
BRDA:117,27,0,0
BRDA:117,27,1,0
BRDA:131,28,0,0
BRDA:131,28,1,0
BRF:57
BRH:0
end_of_record
TN:
SF:src\backend\update-prebuilt-specs.cjs
FN:6,inferSpecsByPrice
FN:48,main
FNF:2
FNH:0
FNDA:0,inferSpecsByPrice
FNDA:0,main
DA:1,0
DA:2,0
DA:4,0
DA:7,0
DA:8,0
DA:9,0
DA:21,0
DA:22,0
DA:35,0
DA:49,0
DA:50,0
DA:51,0
DA:52,0
DA:53,0
DA:54,0
DA:57,0
DA:58,0
DA:59,0
DA:60,0
DA:61,0
DA:64,0
DA:66,0
DA:68,0
DA:73,0
DA:76,0
DA:78,0
DA:79,0
DA:81,0
DA:85,0
LF:29
LH:0
BRDA:7,0,0,0
BRDA:7,0,1,0
BRDA:8,1,0,0
BRDA:8,1,1,0
BRDA:21,2,0,0
BRDA:21,2,1,0
BRDA:52,3,0,0
BRDA:52,3,1,0
BRDA:58,4,0,0
BRDA:58,4,1,0
BRDA:58,5,0,0
BRDA:58,5,1,0
BRDA:59,6,0,0
BRDA:59,6,1,0
BRDA:85,7,0,0
BRDA:85,7,1,0
BRF:16
BRH:0
end_of_record
TN:
SF:src\lib\cart.js
FN:7,loadStoredValue
FN:24,persistValue
FN:32,normalizeQuantity
FN:41,createCartStore
FN:45,(anonymous_4)
FN:52,(anonymous_5)
FN:60,(anonymous_6)
FN:61,(anonymous_7)
FN:89,(anonymous_8)
FN:92,(anonymous_9)
FN:94,(anonymous_10)
FN:102,(anonymous_11)
FN:105,(anonymous_12)
FN:106,(anonymous_13)
FN:106,(anonymous_14)
FN:108,(anonymous_15)
FN:114,createCartOpenStore
FN:118,(anonymous_17)
FN:125,(anonymous_18)
FN:128,(anonymous_19)
FN:131,(anonymous_20)
FN:132,(anonymous_21)
FNF:22
FNH:0
FNDA:0,loadStoredValue
FNDA:0,persistValue
FNDA:0,normalizeQuantity
FNDA:0,createCartStore
FNDA:0,(anonymous_4)
FNDA:0,(anonymous_5)
FNDA:0,(anonymous_6)
FNDA:0,(anonymous_7)
FNDA:0,(anonymous_8)
FNDA:0,(anonymous_9)
FNDA:0,(anonymous_10)
FNDA:0,(anonymous_11)
FNDA:0,(anonymous_12)
FNDA:0,(anonymous_13)
FNDA:0,(anonymous_14)
FNDA:0,(anonymous_15)
FNDA:0,createCartOpenStore
FNDA:0,(anonymous_17)
FNDA:0,(anonymous_18)
FNDA:0,(anonymous_19)
FNDA:0,(anonymous_20)
FNDA:0,(anonymous_21)
DA:4,0
DA:5,0
DA:8,0
DA:9,0
DA:12,0
DA:13,0
DA:14,0
DA:15,0
DA:18,0
DA:20,0
DA:25,0
DA:26,0
DA:29,0
DA:33,0
DA:34,0
DA:35,0
DA:38,0
DA:42,0
DA:44,0
DA:45,0
DA:46,0
DA:50,0
DA:53,0
DA:54,0
DA:57,0
DA:58,0
DA:60,0
DA:61,0
DA:63,0
DA:64,0
DA:65,0
DA:66,0
DA:70,0
DA:73,0
DA:90,0
DA:92,0
DA:93,0
DA:95,0
DA:102,0
DA:106,0
DA:109,0
DA:115,0
DA:117,0
DA:118,0
DA:119,0
DA:123,0
DA:126,0
DA:129,0
DA:132,0
DA:137,0
DA:138,0
LF:51
LH:0
BRDA:8,0,0,0
BRDA:8,0,1,0
BRDA:14,1,0,0
BRDA:14,1,1,0
BRDA:25,2,0,0
BRDA:25,2,1,0
BRDA:34,3,0,0
BRDA:34,3,1,0
BRDA:34,4,0,0
BRDA:34,4,1,0
BRDA:44,5,0,0
BRDA:44,5,1,0
BRDA:52,6,0,0
BRDA:53,7,0,0
BRDA:53,7,1,0
BRDA:58,8,0,0
BRDA:58,8,1,0
BRDA:58,8,2,0
BRDA:63,9,0,0
BRDA:63,9,1,0
BRDA:77,10,0,0
BRDA:77,10,1,0
BRDA:77,10,2,0
BRDA:78,11,0,0
BRDA:78,11,1,0
BRDA:79,12,0,0
BRDA:79,12,1,0
BRDA:80,13,0,0
BRDA:80,13,1,0
BRDA:81,14,0,0
BRDA:81,14,1,0
BRDA:82,15,0,0
BRDA:82,15,1,0
BRDA:83,16,0,0
BRDA:83,16,1,0
BRDA:95,17,0,0
BRDA:95,17,1,0
BRDA:117,18,0,0
BRDA:117,18,1,0
BRF:39
BRH:0
end_of_record
TN:
SF:src\lib\index.js
FNF:0
FNH:0
LF:0
LH:0
BRF:0
BRH:0
end_of_record
TN:
SF:src\lib\pc-components.js
FN:742,hashText
FN:752,clamp
FN:756,parseNumber
FN:762,parseCapacityGb
FN:772,inferPriceHuf
FN:892,inferSpecifications
FN:1093,inferImageUrl
FN:1125,(anonymous_7)
FN:1127,(anonymous_8)
FNF:9
FNH:0
FNDA:0,hashText
FNDA:0,clamp
FNDA:0,parseNumber
FNDA:0,parseCapacityGb
FNDA:0,inferPriceHuf
FNDA:0,inferSpecifications
FNDA:0,inferImageUrl
FNDA:0,(anonymous_7)
FNDA:0,(anonymous_8)
DA:1,0
DA:19,0
DA:34,0
DA:743,0
DA:745,0
DA:746,0
DA:749,0
DA:753,0
DA:757,0
DA:759,0
DA:763,0
DA:764,0
DA:766,0
DA:767,0
DA:769,0
DA:773,0
DA:775,0
DA:776,0
DA:777,0
DA:778,0
DA:779,0
DA:780,0
DA:781,0
DA:782,0
DA:785,0
DA:786,0
DA:787,0
DA:788,0
DA:789,0
DA:790,0
DA:791,0
DA:794,0
DA:795,0
DA:796,0
DA:797,0
DA:798,0
DA:801,0
DA:802,0
DA:803,0
DA:804,0
DA:805,0
DA:806,0
DA:807,0
DA:810,0
DA:811,0
DA:812,0
DA:813,0
DA:814,0
DA:817,0
DA:818,0
DA:819,0
DA:820,0
DA:821,0
DA:822,0
DA:825,0
DA:826,0
DA:827,0
DA:830,0
DA:831,0
DA:832,0
DA:833,0
DA:834,0
DA:835,0
DA:838,0
DA:839,0
DA:840,0
DA:841,0
DA:844,0
DA:845,0
DA:846,0
DA:847,0
DA:848,0
DA:851,0
DA:852,0
DA:853,0
DA:854,0
DA:855,0
DA:858,0
DA:859,0
DA:860,0
DA:861,0
DA:862,0
DA:863,0
DA:866,0
DA:867,0
DA:868,0
DA:869,0
DA:870,0
DA:873,0
DA:874,0
DA:875,0
DA:876,0
DA:877,0
DA:880,0
DA:881,0
DA:882,0
DA:883,0
DA:884,0
DA:885,0
DA:886,0
DA:889,0
DA:893,0
DA:898,0
DA:899,0
DA:906,0
DA:907,0
DA:908,0
DA:919,0
DA:920,0
DA:931,0
DA:932,0
DA:942,0
DA:943,0
DA:944,0
DA:954,0
DA:955,0
DA:956,0
DA:957,0
DA:967,0
DA:968,0
DA:969,0
DA:979,0
DA:980,0
DA:981,0
DA:991,0
DA:992,0
DA:993,0
DA:994,0
DA:1004,0
DA:1005,0
DA:1014,0
DA:1015,0
DA:1025,0
DA:1026,0
DA:1027,0
DA:1037,0
DA:1038,0
DA:1039,0
DA:1049,0
DA:1050,0
DA:1060,0
DA:1061,0
DA:1071,0
DA:1072,0
DA:1090,0
DA:1094,0
DA:1095,0
DA:1096,0
DA:1097,0
DA:1098,0
DA:1099,0
DA:1100,0
DA:1101,0
DA:1102,0
DA:1103,0
DA:1121,0
DA:1124,0
DA:1125,0
DA:1127,0
LF:159
LH:0
BRDA:759,0,0,0
BRDA:759,0,1,0
BRDA:762,1,0,0
BRDA:764,2,0,0
BRDA:764,2,1,0
BRDA:767,3,0,0
BRDA:767,3,1,0
BRDA:775,4,0,0
BRDA:775,4,1,0
BRDA:777,5,0,0
BRDA:777,5,1,0
BRDA:778,6,0,0
BRDA:778,6,1,0
BRDA:779,7,0,0
BRDA:779,7,1,0
BRDA:780,8,0,0
BRDA:780,8,1,0
BRDA:781,9,0,0
BRDA:781,9,1,0
BRDA:785,10,0,0
BRDA:785,10,1,0
BRDA:787,11,0,0
BRDA:787,11,1,0
BRDA:788,12,0,0
BRDA:788,12,1,0
BRDA:789,13,0,0
BRDA:789,13,1,0
BRDA:790,14,0,0
BRDA:790,14,1,0
BRDA:794,15,0,0
BRDA:794,15,1,0
BRDA:796,16,0,0
BRDA:796,16,1,0
BRDA:797,17,0,0
BRDA:797,17,1,0
BRDA:801,18,0,0
BRDA:801,18,1,0
BRDA:803,19,0,0
BRDA:803,19,1,0
BRDA:804,20,0,0
BRDA:804,20,1,0
BRDA:805,21,0,0
BRDA:805,21,1,0
BRDA:806,22,0,0
BRDA:806,22,1,0
BRDA:810,23,0,0
BRDA:810,23,1,0
BRDA:813,24,0,0
BRDA:813,24,1,0
BRDA:817,25,0,0
BRDA:817,25,1,0
BRDA:820,26,0,0
BRDA:820,26,1,0
BRDA:821,27,0,0
BRDA:821,27,1,0
BRDA:825,28,0,0
BRDA:825,28,1,0
BRDA:830,29,0,0
BRDA:830,29,1,0
BRDA:833,30,0,0
BRDA:833,30,1,0
BRDA:834,31,0,0
BRDA:834,31,1,0
BRDA:838,32,0,0
BRDA:838,32,1,0
BRDA:839,33,0,0
BRDA:839,33,1,0
BRDA:840,34,0,0
BRDA:840,34,1,0
BRDA:844,35,0,0
BRDA:844,35,1,0
BRDA:846,36,0,0
BRDA:846,36,1,0
BRDA:847,37,0,0
BRDA:847,37,1,0
BRDA:851,38,0,0
BRDA:851,38,1,0
BRDA:853,39,0,0
BRDA:853,39,1,0
BRDA:854,40,0,0
BRDA:854,40,1,0
BRDA:858,41,0,0
BRDA:858,41,1,0
BRDA:860,42,0,0
BRDA:860,42,1,0
BRDA:861,43,0,0
BRDA:861,43,1,0
BRDA:862,44,0,0
BRDA:862,44,1,0
BRDA:866,45,0,0
BRDA:866,45,1,0
BRDA:868,46,0,0
BRDA:868,46,1,0
BRDA:869,47,0,0
BRDA:869,47,1,0
BRDA:873,48,0,0
BRDA:873,48,1,0
BRDA:875,49,0,0
BRDA:875,49,1,0
BRDA:876,50,0,0
BRDA:876,50,1,0
BRDA:880,51,0,0
BRDA:880,51,1,0
BRDA:881,52,0,0
BRDA:881,52,1,0
BRDA:882,53,0,0
BRDA:882,53,1,0
BRDA:883,54,0,0
BRDA:883,54,1,0
BRDA:884,55,0,0
BRDA:884,55,1,0
BRDA:885,56,0,0
BRDA:885,56,1,0
BRDA:898,57,0,0
BRDA:898,57,1,0
BRDA:899,58,0,0
BRDA:899,58,1,0
BRDA:901,59,0,0
BRDA:901,59,1,0
BRDA:903,60,0,0
BRDA:903,60,1,0
BRDA:910,61,0,0
BRDA:910,61,1,0
BRDA:919,62,0,0
BRDA:919,62,1,0
BRDA:922,63,0,0
BRDA:922,63,1,0
BRDA:923,64,0,0
BRDA:923,64,1,0
BRDA:923,65,0,0
BRDA:923,65,1,0
BRDA:924,66,0,0
BRDA:924,66,1,0
BRDA:926,67,0,0
BRDA:926,67,1,0
BRDA:931,68,0,0
BRDA:931,68,1,0
BRDA:934,69,0,0
BRDA:934,69,1,0
BRDA:936,70,0,0
BRDA:936,70,1,0
BRDA:942,71,0,0
BRDA:942,71,1,0
BRDA:943,72,0,0
BRDA:943,72,1,0
BRDA:947,73,0,0
BRDA:947,73,1,0
BRDA:954,74,0,0
BRDA:954,74,1,0
BRDA:956,75,0,0
BRDA:956,75,1,0
BRDA:960,76,0,0
BRDA:960,76,1,0
BRDA:962,77,0,0
BRDA:962,77,1,0
BRDA:962,78,0,0
BRDA:962,78,1,0
BRDA:967,79,0,0
BRDA:967,79,1,0
BRDA:972,80,0,0
BRDA:972,80,1,0
BRDA:974,81,0,0
BRDA:974,81,1,0
BRDA:974,82,0,0
BRDA:974,82,1,0
BRDA:979,83,0,0
BRDA:979,83,1,0
BRDA:986,84,0,0
BRDA:986,84,1,0
BRDA:987,85,0,0
BRDA:987,85,1,0
BRDA:991,86,0,0
BRDA:991,86,1,0
BRDA:997,87,0,0
BRDA:997,87,1,0
BRDA:998,88,0,0
BRDA:998,88,1,0
BRDA:999,89,0,0
BRDA:999,89,1,0
BRDA:1000,90,0,0
BRDA:1000,90,1,0
BRDA:1004,91,0,0
BRDA:1004,91,1,0
BRDA:1007,92,0,0
BRDA:1007,92,1,0
BRDA:1008,93,0,0
BRDA:1008,93,1,0
BRDA:1009,94,0,0
BRDA:1009,94,1,0
BRDA:1014,95,0,0
BRDA:1014,95,1,0
BRDA:1019,96,0,0
BRDA:1019,96,1,0
BRDA:1025,97,0,0
BRDA:1025,97,1,0
BRDA:1037,98,0,0
BRDA:1037,98,1,0
BRDA:1042,99,0,0
BRDA:1042,99,1,0
BRDA:1042,100,0,0
BRDA:1042,100,1,0
BRDA:1043,101,0,0
BRDA:1043,101,1,0
BRDA:1043,102,0,0
BRDA:1043,102,1,0
BRDA:1044,103,0,0
BRDA:1044,103,1,0
BRDA:1044,104,0,0
BRDA:1044,104,1,0
BRDA:1044,105,0,0
BRDA:1044,105,1,0
BRDA:1049,106,0,0
BRDA:1049,106,1,0
BRDA:1052,107,0,0
BRDA:1052,107,1,0
BRDA:1053,108,0,0
BRDA:1053,108,1,0
BRDA:1054,109,0,0
BRDA:1054,109,1,0
BRDA:1054,110,0,0
BRDA:1054,110,1,0
BRDA:1060,111,0,0
BRDA:1060,111,1,0
BRDA:1063,112,0,0
BRDA:1063,112,1,0
BRDA:1067,113,0,0
BRDA:1067,113,1,0
BRDA:1067,114,0,0
BRDA:1067,114,1,0
BRDA:1071,115,0,0
BRDA:1071,115,1,0
BRDA:1074,116,0,0
BRDA:1074,116,1,0
BRDA:1076,117,0,0
BRDA:1076,117,1,0
BRDA:1078,118,0,0
BRDA:1078,118,1,0
BRDA:1080,119,0,0
BRDA:1080,119,1,0
BRDA:1084,120,0,0
BRDA:1084,120,1,0
BRDA:1085,121,0,0
BRDA:1085,121,1,0
BRDA:1094,122,0,0
BRDA:1094,122,1,0
BRDA:1101,123,0,0
BRDA:1101,123,1,0
BRDA:1102,124,0,0
BRDA:1102,124,1,0
BRF:249
BRH:0
end_of_record
